This file contains any messages produced by compilers while
running configure, to aid debugging if configure makes a mistake.

It was created by configure, which was
generated by GNU Autoconf 2.57.  Invocation command line was

  $ ./configure make

## --------- ##
## Platform. ##
## --------- ##

hostname = ubuntu
uname -m = x86_64
uname -r = 5.0.0-23-generic
uname -s = Linux
uname -v = #24~18.04.1-Ubuntu SMP Mon Jul 29 16:12:28 UTC 2019

/usr/bin/uname -p = unknown
/bin/uname -X     = unknown

/bin/arch              = unknown
/usr/bin/arch -k       = unknown
/usr/convex/getsysinfo = unknown
hostinfo               = unknown
/bin/machine           = unknown
/usr/bin/oslevel       = unknown
/bin/universe          = unknown

PATH: /usr/local/sbin
PATH: /usr/local/bin
PATH: /usr/sbin
PATH: /usr/bin
PATH: /sbin
PATH: /bin
PATH: /usr/games
PATH: /usr/local/games
PATH: /snap/bin


## ----------- ##
## Core tests. ##
## ----------- ##

configure:1253: checking build system type
configure:1266: error: /bin/bash ./config.sub make failed

## ---------------- ##
## Cache variables. ##
## ---------------- ##

ac_cv_build=
ac_cv_build_alias=make
ac_cv_env_CC_set=
ac_cv_env_CC_value=
ac_cv_env_CFLAGS_set=
ac_cv_env_CFLAGS_value=
ac_cv_env_CPPFLAGS_set=
ac_cv_env_CPPFLAGS_value=
ac_cv_env_CPP_set=
ac_cv_env_CPP_value=
ac_cv_env_LDFLAGS_set=
ac_cv_env_LDFLAGS_value=
ac_cv_env_build_alias_set=set
ac_cv_env_build_alias_value=make
ac_cv_env_host_alias_set=set
ac_cv_env_host_alias_value=make
ac_cv_env_target_alias_set=set
ac_cv_env_target_alias_value=make

## ----------------- ##
## Output variables. ##
## ----------------- ##

CC=''
CFLAGS=''
CPP=''
CPPFLAGS=''
DEFS=''
ECHO_C=''
ECHO_N='-n'
ECHO_T=''
EGREP=''
EXEEXT=''
LDFLAGS=''
LIBFREE_OBJS=''
LIBGAI_OBJS=''
LIBOBJS=''
LIBROUTE_OBJS=''
LIBS=''
LIBS_XTI=''
LIBUNP=''
LIBUNPXTI=''
LIBUNPXTI_NAME=''
LIBUNP_NAME=''
LIBXTI_OBJS=''
LIB_OBJS=''
LTLIBOBJS=''
OBJEXT=''
PACKAGE_BUGREPORT=''
PACKAGE_NAME=''
PACKAGE_STRING=''
PACKAGE_TARNAME=''
PACKAGE_VERSION=''
PATH_SEPARATOR=':'
RANLIB=''
SHELL='/bin/bash'
ac_ct_CC=''
ac_ct_RANLIB=''
bindir='${exec_prefix}/bin'
build='make'
build_alias='make'
build_cpu=''
build_os=''
build_vendor=''
datadir='${prefix}/share'
exec_prefix='NONE'
host='make'
host_alias='make'
host_cpu=''
host_os=''
host_vendor=''
includedir='${prefix}/include'
infodir='${prefix}/info'
libdir='${exec_prefix}/lib'
libexecdir='${exec_prefix}/libexec'
localstatedir='${prefix}/var'
mandir='${prefix}/man'
oldincludedir='/usr/include'
prefix='NONE'
program_transform_name='s,x,x,'
sbindir='${exec_prefix}/sbin'
sharedstatedir='${prefix}/com'
sysconfdir='${prefix}/etc'
target_alias='make'

## ----------- ##
## confdefs.h. ##
## ----------- ##

#define PACKAGE_BUGREPORT ""
#define PACKAGE_NAME ""
#define PACKAGE_STRING ""
#define PACKAGE_TARNAME ""
#define PACKAGE_VERSION ""

configure: exit 1
