Determining if the pthread_create exist failed with the following output:
Change Dir: /home/ccpang/Desktop/Git/workspace/build/release-cpp11/CMakeFiles/CMakeTmp

Run Build Command:"/usr/bin/make" "cmTC_44fd6/fast"
/usr/bin/make -f CMakeFiles/cmTC_44fd6.dir/build.make CMakeFiles/cmTC_44fd6.dir/build
make[1]: Entering directory '/home/ccpang/Desktop/Git/workspace/build/release-cpp11/CMakeFiles/CMakeTmp'
Building C object CMakeFiles/cmTC_44fd6.dir/CheckSymbolExists.c.o
/usr/bin/cc    -o CMakeFiles/cmTC_44fd6.dir/CheckSymbolExists.c.o   -c /home/ccpang/Desktop/Git/workspace/build/release-cpp11/CMakeFiles/CMakeTmp/CheckSymbolExists.c
Linking C executable cmTC_44fd6
/usr/bin/cmake -E cmake_link_script CMakeFiles/cmTC_44fd6.dir/link.txt --verbose=1
/usr/bin/cc      -rdynamic CMakeFiles/cmTC_44fd6.dir/CheckSymbolExists.c.o  -o cmTC_44fd6 
CMakeFiles/cmTC_44fd6.dir/CheckSymbolExists.c.o: In function `main':
CheckSymbolExists.c:(.text+0x1b): undefined reference to `pthread_create'
collect2: error: ld returned 1 exit status
CMakeFiles/cmTC_44fd6.dir/build.make:97: recipe for target 'cmTC_44fd6' failed
make[1]: *** [cmTC_44fd6] Error 1
make[1]: Leaving directory '/home/ccpang/Desktop/Git/workspace/build/release-cpp11/CMakeFiles/CMakeTmp'
Makefile:126: recipe for target 'cmTC_44fd6/fast' failed
make: *** [cmTC_44fd6/fast] Error 2

File /home/ccpang/Desktop/Git/workspace/build/release-cpp11/CMakeFiles/CMakeTmp/CheckSymbolExists.c:
/* */
#include <pthread.h>

int main(int argc, char** argv)
{
  (void)argv;
#ifndef pthread_create
  return ((int*)(&pthread_create))[argc];
#else
  (void)argc;
  return 0;
#endif
}

Determining if the function pthread_create exists in the pthreads failed with the following output:
Change Dir: /home/ccpang/Desktop/Git/workspace/build/release-cpp11/CMakeFiles/CMakeTmp

Run Build Command:"/usr/bin/make" "cmTC_3da22/fast"
/usr/bin/make -f CMakeFiles/cmTC_3da22.dir/build.make CMakeFiles/cmTC_3da22.dir/build
make[1]: Entering directory '/home/ccpang/Desktop/Git/workspace/build/release-cpp11/CMakeFiles/CMakeTmp'
Building C object CMakeFiles/cmTC_3da22.dir/CheckFunctionExists.c.o
/usr/bin/cc   -DCHECK_FUNCTION_EXISTS=pthread_create   -o CMakeFiles/cmTC_3da22.dir/CheckFunctionExists.c.o   -c /usr/share/cmake-3.10/Modules/CheckFunctionExists.c
Linking C executable cmTC_3da22
/usr/bin/cmake -E cmake_link_script CMakeFiles/cmTC_3da22.dir/link.txt --verbose=1
/usr/bin/cc  -DCHECK_FUNCTION_EXISTS=pthread_create    -rdynamic CMakeFiles/cmTC_3da22.dir/CheckFunctionExists.c.o  -o cmTC_3da22 -lpthreads 
/usr/bin/ld: cannot find -lpthreads
collect2: error: ld returned 1 exit status
CMakeFiles/cmTC_3da22.dir/build.make:97: recipe for target 'cmTC_3da22' failed
make[1]: *** [cmTC_3da22] Error 1
make[1]: Leaving directory '/home/ccpang/Desktop/Git/workspace/build/release-cpp11/CMakeFiles/CMakeTmp'
Makefile:126: recipe for target 'cmTC_3da22/fast' failed
make: *** [cmTC_3da22/fast] Error 2


