This file contains any messages produced by compilers while
running configure, to aid debugging if configure makes a mistake.

It was created by configure, which was
generated by GNU Autoconf 2.52.20170501.  Invocation command line was

  $ ./configure --prefix=/opt/ncurses

## ---------- ##
## Platform.  ##
## ---------- ##

hostname = ubuntu
uname -m = x86_64
uname -r = 5.0.0-23-generic
uname -s = Linux
uname -v = #24~18.04.1-Ubuntu SMP Mon Jul 29 16:12:28 UTC 2019

/usr/bin/uname -p = unknown
/bin/uname -X     = unknown

/bin/arch              = unknown
/usr/bin/arch -k       = unknown
/usr/convex/getsysinfo = unknown
hostinfo               = unknown
/bin/machine           = unknown
/usr/bin/oslevel       = unknown
/bin/universe          = unknown

PATH = /usr/local/sbin:/usr/local/bin:/usr/sbin:/usr/bin:/sbin:/bin:/usr/games:/usr/local/games:/snap/bin

## ------------ ##
## Core tests.  ##
## ------------ ##

configure:1134: PATH=".;."; conftest.sh
./configure: 1135: ./configure: conftest.sh: not found
configure:1137: $? = 127
configure:1150: checking for egrep
configure:1160: result: grep -E
configure:1174: result: Configuring NCURSES 6.1 ABI 6 (Fri Oct 11 04:38:57 PDT 2019)
configure:1178: checking for package version
configure:1199: result: 6.0
configure:1202: checking for package patch date
configure:1219: result: 20180127
configure:1230: testing ABI VERSION 5:0:9 ...
configure:1234: testing VERSION_MAJOR 6 ...
configure:1238: testing VERSION_MINOR 0 ...
configure:1242: testing VERSION_PATCH 20180127 ...
configure:1384: checking build system type
configure:1402: result: x86_64-pc-linux-gnu
configure:1409: checking host system type
configure:1423: result: x86_64-pc-linux-gnu
configure:1431: checking target system type
configure:1445: result: x86_64-pc-linux-gnu
configure:1477: result: Configuring for linux-gnu
configure:1503: checking for prefix
configure:1515: result: /opt/ncurses
configure:1643: checking for gnatgcc
configure:1669: result: no
configure:1643: checking for gcc
configure:1658: found /usr/bin/gcc
configure:1666: result: gcc
configure:1684: checking for C compiler version
configure:1687: gcc --version </dev/null >&5
gcc (Ubuntu 7.4.0-1ubuntu1~18.04.1) 7.4.0
Copyright (C) 2017 Free Software Foundation, Inc.
This is free software; see the source for copying conditions.  There is NO
warranty; not even for MERCHANTABILITY or FITNESS FOR A PARTICULAR PURPOSE.

configure:1690: $? = 0
configure:1692: gcc -v </dev/null >&5
Using built-in specs.
COLLECT_GCC=gcc
COLLECT_LTO_WRAPPER=/usr/lib/gcc/x86_64-linux-gnu/7/lto-wrapper
OFFLOAD_TARGET_NAMES=nvptx-none
OFFLOAD_TARGET_DEFAULT=1
Target: x86_64-linux-gnu
Configured with: ../src/configure -v --with-pkgversion='Ubuntu 7.4.0-1ubuntu1~18.04.1' --with-bugurl=file:///usr/share/doc/gcc-7/README.Bugs --enable-languages=c,ada,c++,go,brig,d,fortran,objc,obj-c++ --prefix=/usr --with-gcc-major-version-only --program-suffix=-7 --program-prefix=x86_64-linux-gnu- --enable-shared --enable-linker-build-id --libexecdir=/usr/lib --without-included-gettext --enable-threads=posix --libdir=/usr/lib --enable-nls --with-sysroot=/ --enable-clocale=gnu --enable-libstdcxx-debug --enable-libstdcxx-time=yes --with-default-libstdcxx-abi=new --enable-gnu-unique-object --disable-vtable-verify --enable-libmpx --enable-plugin --enable-default-pie --with-system-zlib --with-target-system-zlib --enable-objc-gc=auto --enable-multiarch --disable-werror --with-arch-32=i686 --with-abi=m64 --with-multilib-list=m32,m64,mx32 --enable-multilib --with-tune=generic --enable-offload-targets=nvptx-none --without-cuda-driver --enable-checking=release --build=x86_64-linux-gnu --host=x86_64-linux-gnu --target=x86_64-linux-gnu
Thread model: posix
gcc version 7.4.0 (Ubuntu 7.4.0-1ubuntu1~18.04.1) 
configure:1695: $? = 0
configure:1697: gcc -V </dev/null >&5
gcc: error: unrecognized command line option '-V'
gcc: fatal error: no input files
compilation terminated.
configure:1700: $? = 1
configure:1720: checking for C compiler default output
configure:1723: gcc    conftest.c  >&5
configure:1726: $? = 0
configure:1755: result: a.out
configure:1760: checking whether the C compiler works
configure:1766: ./a.out
configure:1769: $? = 0
configure:1784: result: yes
configure:1791: checking whether we are cross compiling
configure:1793: result: no
configure:1796: checking for executable suffix
configure:1798: gcc -o conftest    conftest.c  >&5
configure:1801: $? = 0
configure:1823: result: 
configure:1829: checking for object suffix
configure:1847: gcc -c   conftest.c >&5
configure:1850: $? = 0
configure:1869: result: o
configure:1873: checking whether we are using the GNU C compiler
configure:1894: gcc -c   conftest.c >&5
configure:1897: $? = 0
configure:1900: test -s conftest.o
configure:1903: $? = 0
configure:1915: result: yes
configure:1921: checking whether gcc accepts -g
configure:1939: gcc -c -g  conftest.c >&5
configure:1942: $? = 0
configure:1945: test -s conftest.o
configure:1948: $? = 0
configure:1958: result: yes
configure:1985: gcc -c -g -O2  conftest.c >&5
conftest.c:2:3: error: unknown type name 'choke'
   choke me
   ^~~~~
conftest.c:2:3: error: expected '=', ',', ';', 'asm' or '__attribute__' at end of input
configure:1988: $? = 1
configure: failed program was:
#ifndef __cplusplus
  choke me
#endif
configure:2089: checking version of gcc
configure:2093: result: 7.4.0
configure:2097: checking for gcc option to accept ANSI C
configure:2154: gcc  -c -g -O2  conftest.c >&5
configure:2157: $? = 0
configure:2160: test -s conftest.o
configure:2163: $? = 0
configure:2180: result: none needed
configure:2191: checking $CC variable
configure:2326: result: ok
configure:2337: checking how to run the C preprocessor
configure:2363: gcc -E  conftest.c
configure:2369: $? = 0
configure:2396: gcc -E  conftest.c
configure:2393:10: fatal error: ac_nonexistent.h: No such file or directory
 #include "confdefs.h"
          ^~~~~~~~~~~~      
compilation terminated.
configure:2402: $? = 1
configure: failed program was:
#line 2392 "configure"
#include "confdefs.h"
#include <ac_nonexistent.h>
configure:2439: result: gcc -E
configure:2454: gcc -E  conftest.c
configure:2460: $? = 0
configure:2487: gcc -E  conftest.c
configure:2484:10: fatal error: ac_nonexistent.h: No such file or directory
 #include "confdefs.h"
          ^~~~~~~~~~~~      
compilation terminated.
configure:2493: $? = 1
configure: failed program was:
#line 2483 "configure"
#include "confdefs.h"
#include <ac_nonexistent.h>
configure:2534: checking whether gcc needs -traditional
configure:2569: result: no
configure:2576: checking whether gcc understands -c and -o together
configure:2591: gcc -g -O2  -c conftest.c -o conftest2.o >&5
configure:2594: $? = 0
configure:2596: gcc -g -O2  -c conftest.c -o conftest2.o >&5
configure:2599: $? = 0
configure:2610: result: yes
configure:2627: checking for ldconfig
configure:2644: found /sbin/ldconfig
configure:2655: result: /sbin/ldconfig
configure:2666: checking if you want to ensure bool is consistent with C++
configure:2676: result: yes
configure:2733: checking for g++
configure:2748: found /usr/bin/g++
configure:2756: result: g++
configure:2771: checking for C++ compiler version
configure:2774: g++ --version </dev/null >&5
g++ (Ubuntu 7.4.0-1ubuntu1~18.04.1) 7.4.0
Copyright (C) 2017 Free Software Foundation, Inc.
This is free software; see the source for copying conditions.  There is NO
warranty; not even for MERCHANTABILITY or FITNESS FOR A PARTICULAR PURPOSE.

configure:2777: $? = 0
configure:2779: g++ -v </dev/null >&5
Using built-in specs.
COLLECT_GCC=g++
COLLECT_LTO_WRAPPER=/usr/lib/gcc/x86_64-linux-gnu/7/lto-wrapper
OFFLOAD_TARGET_NAMES=nvptx-none
OFFLOAD_TARGET_DEFAULT=1
Target: x86_64-linux-gnu
Configured with: ../src/configure -v --with-pkgversion='Ubuntu 7.4.0-1ubuntu1~18.04.1' --with-bugurl=file:///usr/share/doc/gcc-7/README.Bugs --enable-languages=c,ada,c++,go,brig,d,fortran,objc,obj-c++ --prefix=/usr --with-gcc-major-version-only --program-suffix=-7 --program-prefix=x86_64-linux-gnu- --enable-shared --enable-linker-build-id --libexecdir=/usr/lib --without-included-gettext --enable-threads=posix --libdir=/usr/lib --enable-nls --with-sysroot=/ --enable-clocale=gnu --enable-libstdcxx-debug --enable-libstdcxx-time=yes --with-default-libstdcxx-abi=new --enable-gnu-unique-object --disable-vtable-verify --enable-libmpx --enable-plugin --enable-default-pie --with-system-zlib --with-target-system-zlib --enable-objc-gc=auto --enable-multiarch --disable-werror --with-arch-32=i686 --with-abi=m64 --with-multilib-list=m32,m64,mx32 --enable-multilib --with-tune=generic --enable-offload-targets=nvptx-none --without-cuda-driver --enable-checking=release --build=x86_64-linux-gnu --host=x86_64-linux-gnu --target=x86_64-linux-gnu
Thread model: posix
gcc version 7.4.0 (Ubuntu 7.4.0-1ubuntu1~18.04.1) 
configure:2782: $? = 0
configure:2784: g++ -V </dev/null >&5
g++: error: unrecognized command line option '-V'
g++: fatal error: no input files
compilation terminated.
configure:2787: $? = 1
configure:2790: checking whether we are using the GNU C++ compiler
configure:2811: g++ -c   conftest.cc >&5
configure:2814: $? = 0
configure:2817: test -s conftest.o
configure:2820: $? = 0
configure:2832: result: yes
configure:2838: checking whether g++ accepts -g
configure:2856: g++ -c -g  conftest.cc >&5
configure:2859: $? = 0
configure:2862: test -s conftest.o
configure:2865: $? = 0
configure:2875: result: yes
configure:2915: g++ -c -g -O2  conftest.cc >&5
configure:2918: $? = 0
configure:2921: test -s conftest.o
configure:2924: $? = 0
configure:2946: g++ -c -g -O2  conftest.cc >&5
configure: In function 'int main()':
configure:2939:1: error: 'exit' was not declared in this scope
 {
 ^   
configure:2949: $? = 1
configure: failed program was:
#line 2934 "configure"
#include "confdefs.h"

int
main (void)
{
exit (42);
  ;
  return 0;
}
configure:2915: g++ -c -g -O2  conftest.cc >&5
configure:2918: $? = 0
configure:2921: test -s conftest.o
configure:2924: $? = 0
configure:2946: g++ -c -g -O2  conftest.cc >&5
configure:2949: $? = 0
configure:2952: test -s conftest.o
configure:2955: $? = 0
configure:2989: checking if g++ works
configure:3014: g++ -c -g -O2  -I/opt/ncurses/include conftest.cc >&5
configure:3017: $? = 0
configure:3020: test -s conftest.o
configure:3023: $? = 0
configure:3034: result: yes
configure:3054: checking for g++
configure:3071: found /usr/bin/g++
configure:3082: result: /usr/bin/g++
configure:3101: checking version of /usr/bin/g++
configure:3109: result: 7.4.0
configure:3122: checking if you want to build C++ binding and demo
configure:3132: result: yes
configure:3135: checking if you want to build with Ada95
configure:3137: result: yes
configure:3140: checking if you want to install terminal database
configure:3150: result: yes
configure:3153: checking if you want to install manpages
configure:3163: result: yes
configure:3166: checking if you want to build programs such as tic
configure:3176: result: yes
configure:3204: checking if you want to build test-programs
configure:3214: result: yes
configure:3217: checking if you wish to install curses.h
configure:3227: result: yes
configure:3252: checking for mawk
configure:3267: found /usr/bin/mawk
configure:3275: result: mawk
configure:3289: checking for egrep
configure:3299: result: grep -E
configure:3319: checking for a BSD compatible install
configure:3368: result: /usr/bin/install -c
configure:3393: checking for lint
configure:3419: result: no
configure:3393: checking for cppcheck
configure:3419: result: no
configure:3393: checking for splint
configure:3419: result: no
configure:3426: checking whether ln -s works
configure:3430: result: yes
configure:3437: checking if ln -s -f options work
configure:3449: result: yes
configure:3454: checking for long file names
configure:3493: result: yes
configure:3522: checking if you want to use pkg-config
configure:3532: result: yes
configure:3584: checking for pkg-config
configure:3613: result: none
configure:3666: WARNING: pkg-config is not installed
configure:3672: checking for pkg-config library directory
configure:3762: checking if we should install .pc files
configure:3773: result: no
configure:3846: checking if we should assume mixed-case filenames
configure:3856: result: auto
configure:3860: checking if filesystem supports mixed-case filenames
configure:3887: result: yes
configure:3906: checking whether make sets ${MAKE}
configure:3926: result: yes
configure:3939: checking for exctags
configure:3965: result: no
configure:3939: checking for ctags
configure:3965: result: no
configure:3976: checking for exetags
configure:4002: result: no
configure:3976: checking for etags
configure:4002: result: no
configure:4011: checking for ctags
configure:4035: result: no
configure:4045: checking for etags
configure:4069: result: no
configure:4092: checking for makeflags variable
configure:4126: result: 
configure:4167: checking for ranlib
configure:4182: found /usr/bin/ranlib
configure:4191: result: ranlib
configure:4241: checking for ld
configure:4256: found /usr/bin/ld
configure:4265: result: ld
configure:4315: checking for ar
configure:4330: found /usr/bin/ar
configure:4339: result: ar
configure:4389: checking for nm
configure:4404: found /usr/bin/nm
configure:4413: result: nm
configure:4463: checking for ar
configure:4487: result: ar
configure:4499: checking for options to update archives
configure:4525: gcc -c -g -O2  conftest.c >&5
configure:4528: $? = 0
ar  -curvU conftest.a conftest.o
configure:4547: result: -curvU
configure:4558: checking if you have specified an install-prefix
configure:4571: result: 
configure:4728: checking if libtool -version-number should be used
configure:4745: result: yes
configure:4794: checking if you want to build libraries with libtool
configure:4804: result: no
configure:5102: checking if you want to build shared libraries
configure:5112: result: no
configure:5116: checking if you want to build static libraries
configure:5126: result: yes
configure:5130: checking if you want to build debug libraries
configure:5140: result: yes
configure:5144: checking if you want to build profiling libraries
configure:5154: result: no
configure:5179: checking for specified models
configure:5183: result:  normal debug
configure:5188: checking for default model
configure:5191: result: normal
configure:5205: checking if you want to have a library-prefix
configure:5215: result: auto
configure:5243: checking for PATH separator
configure:5250: result: :
configure:5255: checking if you want to build a separate terminfo library
configure:5265: result: no
configure:5268: checking if you want to build a separate tic library
configure:5278: result: no
configure:5284: checking if you want to link with the GPM mouse library
configure:5294: result: maybe
configure:5298: checking for gpm.h
configure:5308: gcc -E  conftest.c
configure:5305:10: fatal error: gpm.h: No such file or directory
 #include "confdefs.h"
          ^~~~~~~
compilation terminated.
configure:5314: $? = 1
configure: failed program was:
#line 5304 "configure"
#include "confdefs.h"
#include <gpm.h>
configure:5333: result: no
configure:5916: checking for default loader flags
configure:5925: result: 
configure:5963: checking for an rpath option
configure:5994: result: -Wl,-rpath,
configure:6072: checking if release/abi version should be used for shared libs
configure:6098: result: auto
configure:6121: checking which gcc option to use
configure:6140: gcc -c -g -O2 -fPIC  conftest.c >&5
configure:6143: $? = 0
configure:6146: test -s conftest.o
configure:6149: $? = 0
configure:6158: result: -fPIC
configure:6601: testing CC_SHARED_OPTS: -fPIC ...
configure:6605: testing MK_SHARED_LIB:  ${CC} ${LDFLAGS} ${CFLAGS} -shared -Wl,-soname,`basename $@ .${REL_VERSION}`.${ABI_VERSION},-stats,-lc -o $@ ...
configure:6841: checking if you want to disable library suffixes
configure:6858: result: no
configure:7122: checking if you wish to append extra suffix to header/library paths
configure:7141: result: 
configure:7145: checking if you wish to install ncurses overwriting curses
configure:7155: result: no
configure:7158: checking if external terminfo-database is used
configure:7168: result: yes
configure:7184: checking which terminfo source-file will be installed
configure:7192: result: ${top_srcdir}/misc/terminfo.src
configure:7195: checking whether to use hashed database instead of directory/tree
configure:7205: result: no
configure:7211: checking for list of fallback descriptions
configure:7221: result: 
configure:7225: checking if you want modern xterm or antique
configure:7239: result: xterm-new
configure:7243: checking if xterm backspace sends BS or DEL
configure:7264: result: BS
configure:7274: checking for list of terminfo directories
configure:7337: result: /opt/ncurses/share/terminfo
configure:7344: checking for default terminfo directory
configure:7389: result: /opt/ncurses/share/terminfo
configure:7400: checking if big-core option selected
configure:7426: gcc -o conftest -g -O2   conftest.c  >&5
configure:7429: $? = 0
configure:7431: ./conftest
configure:7434: $? = 0
configure:7446: result: yes
configure:7456: checking if big-strings option selected
configure:7480: result: yes
configure:7487: checking if you want termcap-fallback support
configure:7497: result: no
configure:7631: checking if ~/.terminfo is wanted
configure:7641: result: yes
configure:7648: checking if you want to use restricted environment when running as root
configure:7658: result: yes
configure:7673: checking for unistd.h
configure:7683: gcc -E  conftest.c
configure:7689: $? = 0
configure:7708: result: yes
configure:7723: checking for remove
configure:7760: gcc -o conftest -g -O2   conftest.c  >&5
configure:7763: $? = 0
configure:7766: test -s conftest
configure:7769: $? = 0
configure:7779: result: yes
configure:7723: checking for unlink
configure:7760: gcc -o conftest -g -O2   conftest.c  >&5
configure:7763: $? = 0
configure:7766: test -s conftest
configure:7769: $? = 0
configure:7779: result: yes
configure:7863: checking if link/symlink functions work
configure:7906: gcc -o conftest -g -O2   conftest.c  >&5
configure:7909: $? = 0
configure:7911: ./conftest
configure:7914: $? = 0
configure:7906: gcc -o conftest -g -O2   conftest.c  >&5
configure:7909: $? = 0
configure:7911: ./conftest
configure:7914: $? = 0
configure:7932: result:  link symlink
configure:7952: checking if tic should use symbolic links
configure:7962: result: no
configure:7969: checking if tic should use hard links
configure:7976: result: yes
configure:7991: checking if you want broken-linker support code
configure:8001: result: no
configure:8030: checking if tputs should process BSD-style prefix padding
configure:8040: result: no
configure:8097: checking if we must define _GNU_SOURCE
configure:8119: gcc -c -g -O2  conftest.c >&5
configure: In function 'main':
configure:8111:1: error: unknown type name 'make'; did you mean 'makedev'?
 #ifndef _XOPEN_SOURCE
 ^~~~
 makedev
configure:8111:9: error: expected '=', ',', ';', 'asm' or '__attribute__' before 'error'
 #ifndef _XOPEN_SOURCE
         ^~~~~
configure:8122: $? = 1
configure: failed program was:
#line 8104 "configure"
#include "confdefs.h"
#include <sys/types.h>
int
main (void)
{

#ifndef _XOPEN_SOURCE
make an error
#endif
  ;
  return 0;
}
configure:8152: gcc -c -g -O2  -D_GNU_SOURCE conftest.c >&5
configure: In function 'main':
configure:8144:1: error: unknown type name 'make'; did you mean 'makedev'?
 #ifdef _XOPEN_SOURCE
 ^~~~
 makedev
configure:8144:9: error: expected '=', ',', ';', 'asm' or '__attribute__' before 'error'
 #ifdef _XOPEN_SOURCE
         ^~~~~
configure:8155: $? = 1
configure: failed program was:
#line 8137 "configure"
#include "confdefs.h"
#include <sys/types.h>
int
main (void)
{

#ifdef _XOPEN_SOURCE
make an error
#endif
  ;
  return 0;
}
configure:8176: result: yes
configure:8181: checking if we should also define _DEFAULT_SOURCE
configure:8204: gcc -c -g -O2  -D_GNU_SOURCE conftest.c >&5
configure: In function 'main':
configure:8196:1: error: unknown type name 'make'; did you mean 'makedev'?
 #ifdef _DEFAULT_SOURCE
 ^~~~
 makedev
configure:8196:9: error: expected '=', ',', ';', 'asm' or '__attribute__' before 'error'
 #ifdef _DEFAULT_SOURCE
         ^~~~~
configure:8207: $? = 1
configure: failed program was:
#line 8189 "configure"
#include "confdefs.h"
#include <sys/types.h>
int
main (void)
{

#ifdef _DEFAULT_SOURCE
make an error
#endif
  ;
  return 0;
}
configure:8224: result: yes
configure:9099: checking if _XOPEN_SOURCE really is set
configure:9117: gcc -c -g -O2  -D_GNU_SOURCE -D_DEFAULT_SOURCE conftest.c >&5
configure:9120: $? = 0
configure:9123: test -s conftest.o
configure:9126: $? = 0
configure:9135: result: yes
configure:9155: gcc -c -g -O2  -D_GNU_SOURCE -D_DEFAULT_SOURCE conftest.c >&5
configure:9158: $? = 0
configure:9161: test -s conftest.o
configure:9164: $? = 0
configure:9389: checking if SIGWINCH is defined
configure:9411: gcc -c -g -O2  -D_GNU_SOURCE -D_DEFAULT_SOURCE conftest.c >&5
configure:9414: $? = 0
configure:9417: test -s conftest.o
configure:9420: $? = 0
configure:9468: result: yes
configure:9538: checking for nl_langinfo and CODESET
configure:9556: gcc -o conftest -g -O2  -D_GNU_SOURCE -D_DEFAULT_SOURCE  conftest.c  >&5
configure:9559: $? = 0
configure:9562: test -s conftest
configure:9565: $? = 0
configure:9576: result: yes
configure:9590: checking if you want wide-character code
configure:9600: result: no
configure:10899: checking whether to enable _LP64 definition in curses.h
configure:10909: result: yes
configure:10925: checking for special C compiler options needed for large files
configure:10999: result: no
configure:11005: checking for _FILE_OFFSET_BITS value needed for large files
configure:11033: gcc -c -g -O2  -D_GNU_SOURCE -D_DEFAULT_SOURCE conftest.c >&5
configure:11036: $? = 0
configure:11039: test -s conftest.o
configure:11042: $? = 0
configure:11092: result: no
configure:11102: checking for _LARGE_FILES value needed for large files
configure:11130: gcc -c -g -O2  -D_GNU_SOURCE -D_DEFAULT_SOURCE conftest.c >&5
configure:11133: $? = 0
configure:11136: test -s conftest.o
configure:11139: $? = 0
configure:11189: result: no
configure:11202: checking for _LARGEFILE_SOURCE value needed for large files
configure:11222: gcc -c -g -O2  -D_GNU_SOURCE -D_DEFAULT_SOURCE conftest.c >&5
configure:11225: $? = 0
configure:11228: test -s conftest.o
configure:11231: $? = 0
configure:11273: result: no
configure:11287: checking for fseeko
configure:11305: gcc -o conftest -g -O2  -D_GNU_SOURCE -D_DEFAULT_SOURCE  conftest.c  >&5
configure:11308: $? = 0
configure:11311: test -s conftest
configure:11314: $? = 0
configure:11324: result: yes
configure:11345: checking whether to use struct dirent64
configure:11374: gcc -c -g -O2  -D_GNU_SOURCE -D_DEFAULT_SOURCE conftest.c >&5
configure: In function 'main':
configure:11363:28: error: conflicting types for 'readdir'
   /* if transitional largefile support is setup, this is true */
                            ^~~~~~~
In file included from configure:11356:0:
/usr/include/dirent.h:162:23: note: previous declaration of 'readdir' was here
 extern struct dirent *readdir (DIR *__dirp) __nonnull ((1));
                       ^~~~~~~
configure:11365:22: error: initialization from incompatible pointer type [-Werror=incompatible-pointer-types]
   struct dirent64 *x = readdir((DIR *)0);
                      ^~~~~~~
configure:11366:13: error: invalid operands to binary - (have 'struct dirent64 *' and 'struct dirent *')
   struct dirent *y = readdir((DIR *)0);
             ^
cc1: some warnings being treated as errors
configure:11377: $? = 1
configure: failed program was:
#line 11352 "configure"
#include "confdefs.h"

#pragma GCC diagnostic error "-Wincompatible-pointer-types"
#include <sys/types.h>
#include <dirent.h>

int
main (void)
{

		/* if transitional largefile support is setup, this is true */
		extern struct dirent64 * readdir(DIR *);
		struct dirent64 *x = readdir((DIR *)0);
		struct dirent *y = readdir((DIR *)0);
		int z = x - y;

  ;
  return 0;
}
configure:11394: result: no
configure:11404: checking if you want tparm not to use X/Open fixed-parameter list
configure:11414: result: yes
configure:11438: checking if you want to suppress wattr* macros to help with ncurses5/ncurses6 transition
configure:11454: result: no
configure:11458: checking for X11 rgb file
configure:11530: result: /usr/share/X11/rgb.txt
configure:11544: checking for type of bool
configure:11554: result: auto
configure:11557: checking for alternate terminal capabilities file
configure:11568: result: Caps
configure:11572: checking for type of chtype
configure:11582: result: uint32_t
configure:11586: checking for type of ospeed
configure:11596: result: short
configure:11600: checking for type of mmask_t
configure:11610: result: uint32_t
configure:11614: checking for size CCHARW_MAX
configure:11624: result: 5
configure:11628: checking for type of tparm args
configure:11638: result: intptr_t
configure:11642: checking if RCS identifiers should be compiled-in
configure:11652: result: no
configure:11661: checking format of man-pages
configure:11750: result:  gzip
configure:11757: checking for manpage renaming
configure:11799: result: /home/ccpang/Desktop/Git/ncurses-6.1/man/man_db.renames
configure:11802: checking if manpage aliases will be installed
configure:11813: result: yes
configure:11827: checking if manpage symlinks should be used
configure:11846: result: yes
configure:11850: checking for manpage tbl
configure:11861: result: no
configure:12194: checking if you want to build with function extensions
configure:12204: result: yes
configure:12264: checking if you want to build with SCREEN extensions
configure:12274: result: yes
configure:12293: checking if you want to build with terminal-driver
configure:12303: result: no
configure:12324: checking for extended use of const keyword
configure:12334: result: yes
configure:12342: checking if you want to use extended colors
configure:12352: result: yes
configure:12357: WARNING: This option applies only to wide-character library
configure:12395: checking if you want to use extended mouse encoding
configure:12405: result: yes
configure:12425: checking if you want to use extended putwin/screendump
configure:12435: result: yes
configure:12445: checking if you want $NCURSES_NO_PADDING code
configure:12455: result: yes
configure:12462: checking for ANSI C header files
configure:12476: gcc -E  -D_GNU_SOURCE -D_DEFAULT_SOURCE conftest.c
configure:12482: $? = 0
configure:12569: gcc -o conftest -g -O2  -D_GNU_SOURCE -D_DEFAULT_SOURCE  conftest.c  >&5
configure:12572: $? = 0
configure:12574: ./conftest
configure:12577: $? = 0
configure:12590: result: yes
configure:12606: checking for sys/types.h
configure:12618: gcc -c -g -O2  -D_GNU_SOURCE -D_DEFAULT_SOURCE conftest.c >&5
configure:12621: $? = 0
configure:12624: test -s conftest.o
configure:12627: $? = 0
configure:12637: result: yes
configure:12606: checking for sys/stat.h
configure:12618: gcc -c -g -O2  -D_GNU_SOURCE -D_DEFAULT_SOURCE conftest.c >&5
configure:12621: $? = 0
configure:12624: test -s conftest.o
configure:12627: $? = 0
configure:12637: result: yes
configure:12606: checking for stdlib.h
configure:12618: gcc -c -g -O2  -D_GNU_SOURCE -D_DEFAULT_SOURCE conftest.c >&5
configure:12621: $? = 0
configure:12624: test -s conftest.o
configure:12627: $? = 0
configure:12637: result: yes
configure:12606: checking for string.h
configure:12618: gcc -c -g -O2  -D_GNU_SOURCE -D_DEFAULT_SOURCE conftest.c >&5
configure:12621: $? = 0
configure:12624: test -s conftest.o
configure:12627: $? = 0
configure:12637: result: yes
configure:12606: checking for memory.h
configure:12618: gcc -c -g -O2  -D_GNU_SOURCE -D_DEFAULT_SOURCE conftest.c >&5
configure:12621: $? = 0
configure:12624: test -s conftest.o
configure:12627: $? = 0
configure:12637: result: yes
configure:12606: checking for strings.h
configure:12618: gcc -c -g -O2  -D_GNU_SOURCE -D_DEFAULT_SOURCE conftest.c >&5
configure:12621: $? = 0
configure:12624: test -s conftest.o
configure:12627: $? = 0
configure:12637: result: yes
configure:12606: checking for inttypes.h
configure:12618: gcc -c -g -O2  -D_GNU_SOURCE -D_DEFAULT_SOURCE conftest.c >&5
configure:12621: $? = 0
configure:12624: test -s conftest.o
configure:12627: $? = 0
configure:12637: result: yes
configure:12606: checking for stdint.h
configure:12618: gcc -c -g -O2  -D_GNU_SOURCE -D_DEFAULT_SOURCE conftest.c >&5
configure:12621: $? = 0
configure:12624: test -s conftest.o
configure:12627: $? = 0
configure:12637: result: yes
configure:12606: checking for unistd.h
configure:12637: result: yes
configure:12647: checking for signed char
configure:12668: gcc -c -g -O2  -D_GNU_SOURCE -D_DEFAULT_SOURCE conftest.c >&5
configure:12671: $? = 0
configure:12674: test -s conftest.o
configure:12677: $? = 0
configure:12687: result: yes
configure:12690: checking size of signed char
configure:12854: gcc -o conftest -g -O2  -D_GNU_SOURCE -D_DEFAULT_SOURCE  conftest.c  >&5
configure: In function 'main':
configure:12879:13: warning: format '%d' expects argument of type 'int', but argument 3 has type 'long unsigned int' [-Wformat=]
 echo "${ECHO_T}$ac_cv_sizeof_signed_char" >&6
             ^~~~
configure:12857: $? = 0
configure:12859: ./conftest
configure:12862: $? = 0
configure:12878: result: 1
configure:12889: checking if you want to use signed Boolean array in term.h
configure:12899: result: no
configure:12904: checking if you want SIGWINCH handler
configure:12914: result: yes
configure:12922: checking if you want user-definable terminal capabilities like termcap
configure:12932: result: yes
configure:12939: checking if you want to link with the pthread library
configure:12949: result: no
configure:13274: checking if you want reentrant code
configure:13284: result: no
configure:13368: checking if you want opaque curses-library structures
configure:13390: result: no
configure:13399: checking if you want opaque form-library structures
configure:13409: result: no
configure:13412: checking if you want opaque menu-library structures
configure:13422: result: no
configure:13425: checking if you want opaque panel-library structures
configure:13435: result: no
configure:13468: checking if you want all development code
configure:13478: result: no
configure:13482: checking if you want hard-tabs code
configure:13492: result: no
configure:13500: checking if you want limited support for xmc
configure:13510: result: no
configure:13520: checking if you do not want to assume colors are white-on-black
configure:13530: result: yes
configure:13538: checking if you want hashmap scrolling-optimization code
configure:13548: result: yes
configure:13556: checking if you want colorfgbg code
configure:13566: result: no
configure:13574: checking if you want interop bindings
configure:13584: result: yes
configure:13590: checking if you want experimental safe-sprintf code
configure:13600: result: no
configure:13629: checking if you want wgetch-events code
configure:13639: result: no
configure:13650: checking if you want to see long compiling messages
configure:13684: result: yes
configure:13697: checking if you want to install stripped executables
configure:13714: result: yes
configure:13724: checking if install needs to be told about ownership
configure:13735: result: no
configure:13745: checking if you want to see compiler warnings
configure:13753: result: 
configure:14209: checking for gcc __attribute__ directives...
checking for gcc __attribute__((scanf))
configure:14261: gcc -c -g -O2  -D_GNU_SOURCE -D_DEFAULT_SOURCE conftest.c >&5
configure:14264: $? = 0
checking for gcc __attribute__((printf))
configure:14261: gcc -c -g -O2  -D_GNU_SOURCE -D_DEFAULT_SOURCE conftest.c >&5
configure:14264: $? = 0
checking for gcc __attribute__((unused))
configure:14261: gcc -c -g -O2  -D_GNU_SOURCE -D_DEFAULT_SOURCE conftest.c >&5
configure:14264: $? = 0
checking for gcc __attribute__((noreturn))
configure:14261: gcc -c -g -O2  -D_GNU_SOURCE -D_DEFAULT_SOURCE conftest.c >&5
configure:14264: $? = 0
configure:14325: checking if you want to work around bogus compiler/loader warnings
configure:14335: result: no
configure:14607: checking if you want to enable runtime assertions
configure:14617: result: no
configure:14633: checking if you want to use dmalloc for testing
configure:14650: result: no
configure:14865: checking if you want to use dbmalloc for testing
configure:14882: result: no
configure:15097: checking if you want to use valgrind for testing
configure:15114: result: no
configure:15227: checking if you want to perform memory-leak testing
configure:15237: result: no
configure:15289: checking whether to add trace feature to all models
configure:15299: result: no
configure:15413: checking if we want to use GNAT projects
configure:15430: result: yes
configure:15440: checking for gettimeofday
configure:15477: gcc -o conftest -g -O2  -D_GNU_SOURCE -D_DEFAULT_SOURCE -DNDEBUG  conftest.c  >&5
configure:15480: $? = 0
configure:15483: test -s conftest
configure:15486: $? = 0
configure:15496: result: yes
configure:15583: checking if -lm needed for math functions
configure:15606: gcc -o conftest -g -O2  -D_GNU_SOURCE -D_DEFAULT_SOURCE -DNDEBUG  conftest.c  >&5
/tmp/ccO579je.o: In function `main':
/home/ccpang/Desktop/Git/ncurses-6.1/configure:15599: undefined reference to `sin'
/home/ccpang/Desktop/Git/ncurses-6.1/configure:15599: undefined reference to `pow'
collect2: error: ld returned 1 exit status
configure:15609: $? = 1
configure: failed program was:
#line 15590 "configure"
#include "confdefs.h"

	#include <stdio.h>
	#include <stdlib.h>
	#include <math.h>

int
main (void)
{
double x = rand(); printf("result = %g\n", pow(sin(x),x))
  ;
  return 0;
}
configure:15625: result: yes
configure:15633: checking for ANSI C header files
configure:15761: result: yes
configure:15774: checking for dirent.h that defines DIR
configure:15795: gcc -c -g -O2  -D_GNU_SOURCE -D_DEFAULT_SOURCE -DNDEBUG conftest.c >&5
configure:15798: $? = 0
configure:15801: test -s conftest.o
configure:15804: $? = 0
configure:15814: result: yes
configure:15827: checking for opendir in -ldir
configure:15854: gcc -o conftest -g -O2  -D_GNU_SOURCE -D_DEFAULT_SOURCE -DNDEBUG  conftest.c -ldir   >&5
/usr/bin/ld: cannot find -ldir
collect2: error: ld returned 1 exit status
configure:15857: $? = 1
configure: failed program was:
#line 15835 "configure"
#include "confdefs.h"

/* Override any gcc2 internal prototype to avoid an error.  */
#ifdef __cplusplus
extern "C"
#endif
/* We use char because int might match the return type of a gcc2
   builtin and then its argument prototype would still apply.  */
char opendir ();
int
main (void)
{
opendir ();
  ;
  return 0;
}
configure:15874: result: no
configure:15936: checking whether time.h and sys/time.h may both be included
configure:15958: gcc -c -g -O2  -D_GNU_SOURCE -D_DEFAULT_SOURCE -DNDEBUG conftest.c >&5
configure:15961: $? = 0
configure:15964: test -s conftest.o
configure:15967: $? = 0
configure:15977: result: yes
configure:15996: checking for regcomp
configure:16033: gcc -o conftest -g -O2  -D_GNU_SOURCE -D_DEFAULT_SOURCE -DNDEBUG  conftest.c  >&5
configure:16036: $? = 0
configure:16039: test -s conftest
configure:16042: $? = 0
configure:16052: result: yes
configure:16278: checking for regular-expression headers
configure:16349: gcc -o conftest -g -O2  -D_GNU_SOURCE -D_DEFAULT_SOURCE -DNDEBUG  conftest.c  >&5
configure:16352: $? = 0
configure:16355: test -s conftest
configure:16358: $? = 0
configure:16374: result: regex.h
configure:16417: checking for fcntl.h
configure:16427: gcc -E  -D_GNU_SOURCE -D_DEFAULT_SOURCE -DNDEBUG conftest.c
configure:16433: $? = 0
configure:16452: result: yes
configure:16417: checking for getopt.h
configure:16427: gcc -E  -D_GNU_SOURCE -D_DEFAULT_SOURCE -DNDEBUG conftest.c
configure:16433: $? = 0
configure:16452: result: yes
configure:16417: checking for limits.h
configure:16427: gcc -E  -D_GNU_SOURCE -D_DEFAULT_SOURCE -DNDEBUG conftest.c
configure:16433: $? = 0
configure:16452: result: yes
configure:16417: checking for locale.h
configure:16427: gcc -E  -D_GNU_SOURCE -D_DEFAULT_SOURCE -DNDEBUG conftest.c
configure:16433: $? = 0
configure:16452: result: yes
configure:16417: checking for math.h
configure:16427: gcc -E  -D_GNU_SOURCE -D_DEFAULT_SOURCE -DNDEBUG conftest.c
configure:16433: $? = 0
configure:16452: result: yes
configure:16417: checking for poll.h
configure:16427: gcc -E  -D_GNU_SOURCE -D_DEFAULT_SOURCE -DNDEBUG conftest.c
configure:16433: $? = 0
configure:16452: result: yes
configure:16417: checking for sys/bsdtypes.h
configure:16427: gcc -E  -D_GNU_SOURCE -D_DEFAULT_SOURCE -DNDEBUG conftest.c
configure:16424:10: fatal error: sys/bsdtypes.h: No such file or directory
 #include "confdefs.h"
          ^~~~~~~~~~~~    
compilation terminated.
configure:16433: $? = 1
configure: failed program was:
#line 16423 "configure"
#include "confdefs.h"
#include <sys/bsdtypes.h>
configure:16452: result: no
configure:16417: checking for sys/ioctl.h
configure:16427: gcc -E  -D_GNU_SOURCE -D_DEFAULT_SOURCE -DNDEBUG conftest.c
configure:16433: $? = 0
configure:16452: result: yes
configure:16417: checking for sys/param.h
configure:16427: gcc -E  -D_GNU_SOURCE -D_DEFAULT_SOURCE -DNDEBUG conftest.c
configure:16433: $? = 0
configure:16452: result: yes
configure:16417: checking for sys/poll.h
configure:16427: gcc -E  -D_GNU_SOURCE -D_DEFAULT_SOURCE -DNDEBUG conftest.c
configure:16433: $? = 0
configure:16452: result: yes
configure:16417: checking for sys/select.h
configure:16427: gcc -E  -D_GNU_SOURCE -D_DEFAULT_SOURCE -DNDEBUG conftest.c
configure:16433: $? = 0
configure:16452: result: yes
configure:16417: checking for sys/time.h
configure:16427: gcc -E  -D_GNU_SOURCE -D_DEFAULT_SOURCE -DNDEBUG conftest.c
configure:16433: $? = 0
configure:16452: result: yes
configure:16417: checking for sys/times.h
configure:16427: gcc -E  -D_GNU_SOURCE -D_DEFAULT_SOURCE -DNDEBUG conftest.c
configure:16433: $? = 0
configure:16452: result: yes
configure:16417: checking for ttyent.h
configure:16427: gcc -E  -D_GNU_SOURCE -D_DEFAULT_SOURCE -DNDEBUG conftest.c
configure:16433: $? = 0
configure:16452: result: yes
configure:16417: checking for unistd.h
configure:16452: result: yes
configure:16417: checking for wctype.h
configure:16427: gcc -E  -D_GNU_SOURCE -D_DEFAULT_SOURCE -DNDEBUG conftest.c
configure:16433: $? = 0
configure:16452: result: yes
configure:16465: checking for unistd.h
configure:16500: result: yes
configure:16465: checking for getopt.h
configure:16500: result: yes
configure:16510: checking for header declaring getopt variables
configure:16533: gcc -c -g -O2  -D_GNU_SOURCE -D_DEFAULT_SOURCE -DNDEBUG conftest.c >&5
configure: In function 'main':
configure:16526:9: error: 'optind' undeclared (first use in this function); did you mean 'rewind'?
 {
         ^     
         rewind
configure:16526:9: note: each undeclared identifier is reported only once for each function it appears in
configure:16526:27: error: 'optarg' undeclared (first use in this function); did you mean 'optind'?
 {
                           ^     
                           optind
configure:16536: $? = 1
configure: failed program was:
#line 16520 "configure"
#include "confdefs.h"

#include <stdio.h>
int
main (void)
{
int x = optind; char *y = optarg
  ;
  return 0;
}
configure:16533: gcc -c -g -O2  -D_GNU_SOURCE -D_DEFAULT_SOURCE -DNDEBUG conftest.c >&5
configure: In function 'main':
configure:16526:9: error: 'optind' undeclared (first use in this function)
 {
         ^     
configure:16526:9: note: each undeclared identifier is reported only once for each function it appears in
configure:16526:27: error: 'optarg' undeclared (first use in this function); did you mean 'optind'?
 {
                           ^     
                           optind
configure:16536: $? = 1
configure: failed program was:
#line 16520 "configure"
#include "confdefs.h"

#include <stdlib.h>
int
main (void)
{
int x = optind; char *y = optarg
  ;
  return 0;
}
configure:16533: gcc -c -g -O2  -D_GNU_SOURCE -D_DEFAULT_SOURCE -DNDEBUG conftest.c >&5
configure:16536: $? = 0
configure:16539: test -s conftest.o
configure:16542: $? = 0
configure:16554: result: unistd.h
configure:16696: checking if sys/time.h works with sys/select.h
configure:16723: gcc -c -g -O2  -D_GNU_SOURCE -D_DEFAULT_SOURCE -DNDEBUG conftest.c >&5
configure:16726: $? = 0
configure:16729: test -s conftest.o
configure:16732: $? = 0
configure:16744: result: yes
configure:16759: checking for an ANSI C-conforming const
configure:16823: gcc -c -g -O2  -D_GNU_SOURCE -D_DEFAULT_SOURCE -DNDEBUG conftest.c >&5
configure:16826: $? = 0
configure:16829: test -s conftest.o
configure:16832: $? = 0
configure:16842: result: yes
configure:16852: checking for inline
configure:16869: gcc -c -g -O2  -D_GNU_SOURCE -D_DEFAULT_SOURCE -DNDEBUG conftest.c >&5
configure:16872: $? = 0
configure:16875: test -s conftest.o
configure:16878: $? = 0
configure:16889: result: inline
configure:16915: checking if gcc supports options to tune inlining
configure:16936: gcc -c -g -O2 --param max-inline-insns-single=1200  -D_GNU_SOURCE -D_DEFAULT_SOURCE -DNDEBUG conftest.c >&5
configure:16939: $? = 0
configure:16942: test -s conftest.o
configure:16945: $? = 0
configure:16957: result: yes
configure:17063: checking for signal global datatype
configure:17098: gcc -c -g -O2 --param max-inline-insns-single=1200  -D_GNU_SOURCE -D_DEFAULT_SOURCE -DNDEBUG conftest.c >&5
configure:17101: $? = 0
configure:17104: test -s conftest.o
configure:17107: $? = 0
configure:17121: result: volatile sig_atomic_t
configure:17210: checking if unsigned literals are legal
configure:17229: gcc -c -g -O2 --param max-inline-insns-single=1200  -D_GNU_SOURCE -D_DEFAULT_SOURCE -DNDEBUG conftest.c >&5
configure:17232: $? = 0
configure:17235: test -s conftest.o
configure:17238: $? = 0
configure:17250: result: yes
configure:17266: checking if external errno is declared
configure:17291: gcc -c -g -O2 --param max-inline-insns-single=1200  -D_GNU_SOURCE -D_DEFAULT_SOURCE -DNDEBUG conftest.c >&5
configure:17294: $? = 0
configure:17297: test -s conftest.o
configure:17300: $? = 0
configure:17311: result: yes
configure:17326: checking if external errno exists
configure:17348: gcc -o conftest -g -O2 --param max-inline-insns-single=1200  -D_GNU_SOURCE -D_DEFAULT_SOURCE -DNDEBUG  conftest.c  >&5
/usr/bin/ld: errno: TLS definition in /lib/x86_64-linux-gnu/libc.so.6 section .tbss mismatches non-TLS reference in /tmp/cchOauyE.o
/lib/x86_64-linux-gnu/libc.so.6: error adding symbols: Bad value
collect2: error: ld returned 1 exit status
configure:17351: $? = 1
configure: failed program was:
#line 17333 "configure"
#include "confdefs.h"

#undef errno
extern int errno;

int
main (void)
{
errno = 2
  ;
  return 0;
}
configure:17368: result: no
configure:17381: checking if data-only library module links
configure:17392: gcc -c -g -O2 --param max-inline-insns-single=1200  -D_GNU_SOURCE -D_DEFAULT_SOURCE -DNDEBUG conftest.c >&5
configure:17395: $? = 0
configure:17415: gcc -c -g -O2 --param max-inline-insns-single=1200  -D_GNU_SOURCE -D_DEFAULT_SOURCE -DNDEBUG conftest.c >&5
configure:17418: $? = 0
configure:17442: gcc -o conftest -g -O2 --param max-inline-insns-single=1200  -D_GNU_SOURCE -D_DEFAULT_SOURCE -DNDEBUG  conftest.c conftest.a  >&5
configure:17445: $? = 0
configure:17447: ./conftest
configure:17450: $? = 0
configure:17465: result: yes
configure:17506: checking for getcwd
configure:17543: gcc -o conftest -g -O2 --param max-inline-insns-single=1200  -D_GNU_SOURCE -D_DEFAULT_SOURCE -DNDEBUG  conftest.c  >&5
configure:17546: $? = 0
configure:17549: test -s conftest
configure:17552: $? = 0
configure:17562: result: yes
configure:17506: checking for getegid
configure:17543: gcc -o conftest -g -O2 --param max-inline-insns-single=1200  -D_GNU_SOURCE -D_DEFAULT_SOURCE -DNDEBUG  conftest.c  >&5
configure:17546: $? = 0
configure:17549: test -s conftest
configure:17552: $? = 0
configure:17562: result: yes
configure:17506: checking for geteuid
configure:17543: gcc -o conftest -g -O2 --param max-inline-insns-single=1200  -D_GNU_SOURCE -D_DEFAULT_SOURCE -DNDEBUG  conftest.c  >&5
configure:17546: $? = 0
configure:17549: test -s conftest
configure:17552: $? = 0
configure:17562: result: yes
configure:17506: checking for getopt
configure:17543: gcc -o conftest -g -O2 --param max-inline-insns-single=1200  -D_GNU_SOURCE -D_DEFAULT_SOURCE -DNDEBUG  conftest.c  >&5
configure:17546: $? = 0
configure:17549: test -s conftest
configure:17552: $? = 0
configure:17562: result: yes
configure:17506: checking for getttynam
configure:17543: gcc -o conftest -g -O2 --param max-inline-insns-single=1200  -D_GNU_SOURCE -D_DEFAULT_SOURCE -DNDEBUG  conftest.c  >&5
configure:17546: $? = 0
configure:17549: test -s conftest
configure:17552: $? = 0
configure:17562: result: yes
configure:17506: checking for issetugid
configure:17543: gcc -o conftest -g -O2 --param max-inline-insns-single=1200  -D_GNU_SOURCE -D_DEFAULT_SOURCE -DNDEBUG  conftest.c  >&5
/tmp/ccLXXyzk.o: In function `main':
/home/ccpang/Desktop/Git/ncurses-6.1/configure:17534: undefined reference to `issetugid'
collect2: error: ld returned 1 exit status
configure:17546: $? = 1
configure: failed program was:
#line 17512 "configure"
#include "confdefs.h"
/* System header to define __stub macros and hopefully few prototypes,
    which can conflict with char issetugid (); below.  */
#include <assert.h>
/* Override any gcc2 internal prototype to avoid an error.  */
#ifdef __cplusplus
extern "C"
#endif
/* We use char because int might match the return type of a gcc2
   builtin and then its argument prototype would still apply.  */
char issetugid ();
char (*f) ();

int
main (void)
{
/* The GNU C library defines this for functions which it implements
    to always fail with ENOSYS.  Some functions are actually named
    something starting with __ and the normal name is an alias.  */
#if defined (__stub_issetugid) || defined (__stub___issetugid)
choke me
#else
f = issetugid; /* workaround for ICC 12.0.3 */ if (f == 0) return 1;
#endif

  ;
  return 0;
}
configure:17562: result: no
configure:17506: checking for poll
configure:17543: gcc -o conftest -g -O2 --param max-inline-insns-single=1200  -D_GNU_SOURCE -D_DEFAULT_SOURCE -DNDEBUG  conftest.c  >&5
configure:17546: $? = 0
configure:17549: test -s conftest
configure:17552: $? = 0
configure:17562: result: yes
configure:17506: checking for putenv
configure:17543: gcc -o conftest -g -O2 --param max-inline-insns-single=1200  -D_GNU_SOURCE -D_DEFAULT_SOURCE -DNDEBUG  conftest.c  >&5
configure:17546: $? = 0
configure:17549: test -s conftest
configure:17552: $? = 0
configure:17562: result: yes
configure:17506: checking for remove
configure:17562: result: yes
configure:17506: checking for select
configure:17543: gcc -o conftest -g -O2 --param max-inline-insns-single=1200  -D_GNU_SOURCE -D_DEFAULT_SOURCE -DNDEBUG  conftest.c  >&5
configure:17546: $? = 0
configure:17549: test -s conftest
configure:17552: $? = 0
configure:17562: result: yes
configure:17506: checking for setbuf
configure:17543: gcc -o conftest -g -O2 --param max-inline-insns-single=1200  -D_GNU_SOURCE -D_DEFAULT_SOURCE -DNDEBUG  conftest.c  >&5
configure:17546: $? = 0
configure:17549: test -s conftest
configure:17552: $? = 0
configure:17562: result: yes
configure:17506: checking for setbuffer
configure:17543: gcc -o conftest -g -O2 --param max-inline-insns-single=1200  -D_GNU_SOURCE -D_DEFAULT_SOURCE -DNDEBUG  conftest.c  >&5
configure:17546: $? = 0
configure:17549: test -s conftest
configure:17552: $? = 0
configure:17562: result: yes
configure:17506: checking for setenv
configure:17543: gcc -o conftest -g -O2 --param max-inline-insns-single=1200  -D_GNU_SOURCE -D_DEFAULT_SOURCE -DNDEBUG  conftest.c  >&5
configure:17546: $? = 0
configure:17549: test -s conftest
configure:17552: $? = 0
configure:17562: result: yes
configure:17506: checking for setvbuf
configure:17543: gcc -o conftest -g -O2 --param max-inline-insns-single=1200  -D_GNU_SOURCE -D_DEFAULT_SOURCE -DNDEBUG  conftest.c  >&5
configure:17546: $? = 0
configure:17549: test -s conftest
configure:17552: $? = 0
configure:17562: result: yes
configure:17506: checking for sigaction
configure:17543: gcc -o conftest -g -O2 --param max-inline-insns-single=1200  -D_GNU_SOURCE -D_DEFAULT_SOURCE -DNDEBUG  conftest.c  >&5
configure:17546: $? = 0
configure:17549: test -s conftest
configure:17552: $? = 0
configure:17562: result: yes
configure:17506: checking for sigvec
configure:17543: gcc -o conftest -g -O2 --param max-inline-insns-single=1200  -D_GNU_SOURCE -D_DEFAULT_SOURCE -DNDEBUG  conftest.c  >&5
/tmp/cctnFqTZ.o: In function `main':
/home/ccpang/Desktop/Git/ncurses-6.1/configure:17534: undefined reference to `sigvec'
collect2: error: ld returned 1 exit status
configure:17546: $? = 1
configure: failed program was:
#line 17512 "configure"
#include "confdefs.h"
/* System header to define __stub macros and hopefully few prototypes,
    which can conflict with char sigvec (); below.  */
#include <assert.h>
/* Override any gcc2 internal prototype to avoid an error.  */
#ifdef __cplusplus
extern "C"
#endif
/* We use char because int might match the return type of a gcc2
   builtin and then its argument prototype would still apply.  */
char sigvec ();
char (*f) ();

int
main (void)
{
/* The GNU C library defines this for functions which it implements
    to always fail with ENOSYS.  Some functions are actually named
    something starting with __ and the normal name is an alias.  */
#if defined (__stub_sigvec) || defined (__stub___sigvec)
choke me
#else
f = sigvec; /* workaround for ICC 12.0.3 */ if (f == 0) return 1;
#endif

  ;
  return 0;
}
configure:17562: result: no
configure:17506: checking for strdup
configure:17543: gcc -o conftest -g -O2 --param max-inline-insns-single=1200  -D_GNU_SOURCE -D_DEFAULT_SOURCE -DNDEBUG  conftest.c  >&5
configure:17522:6: warning: conflicting types for built-in function 'strdup' [-Wbuiltin-declaration-mismatch]
    builtin and then its argument prototype would still apply.  */
      ^~~~~~
configure:17546: $? = 0
configure:17549: test -s conftest
configure:17552: $? = 0
configure:17562: result: yes
configure:17506: checking for strstr
configure:17543: gcc -o conftest -g -O2 --param max-inline-insns-single=1200  -D_GNU_SOURCE -D_DEFAULT_SOURCE -DNDEBUG  conftest.c  >&5
configure:17522:6: warning: conflicting types for built-in function 'strstr' [-Wbuiltin-declaration-mismatch]
    builtin and then its argument prototype would still apply.  */
      ^~~~~~
configure:17546: $? = 0
configure:17549: test -s conftest
configure:17552: $? = 0
configure:17562: result: yes
configure:17506: checking for tcgetpgrp
configure:17543: gcc -o conftest -g -O2 --param max-inline-insns-single=1200  -D_GNU_SOURCE -D_DEFAULT_SOURCE -DNDEBUG  conftest.c  >&5
configure:17546: $? = 0
configure:17549: test -s conftest
configure:17552: $? = 0
configure:17562: result: yes
configure:17506: checking for tdestroy
configure:17543: gcc -o conftest -g -O2 --param max-inline-insns-single=1200  -D_GNU_SOURCE -D_DEFAULT_SOURCE -DNDEBUG  conftest.c  >&5
configure:17546: $? = 0
configure:17549: test -s conftest
configure:17552: $? = 0
configure:17562: result: yes
configure:17506: checking for times
configure:17543: gcc -o conftest -g -O2 --param max-inline-insns-single=1200  -D_GNU_SOURCE -D_DEFAULT_SOURCE -DNDEBUG  conftest.c  >&5
configure:17546: $? = 0
configure:17549: test -s conftest
configure:17552: $? = 0
configure:17562: result: yes
configure:17506: checking for tsearch
configure:17543: gcc -o conftest -g -O2 --param max-inline-insns-single=1200  -D_GNU_SOURCE -D_DEFAULT_SOURCE -DNDEBUG  conftest.c  >&5
configure:17546: $? = 0
configure:17549: test -s conftest
configure:17552: $? = 0
configure:17562: result: yes
configure:17506: checking for vsnprintf
configure:17543: gcc -o conftest -g -O2 --param max-inline-insns-single=1200  -D_GNU_SOURCE -D_DEFAULT_SOURCE -DNDEBUG  conftest.c  >&5
configure:17522:6: warning: conflicting types for built-in function 'vsnprintf' [-Wbuiltin-declaration-mismatch]
    builtin and then its argument prototype would still apply.  */
      ^~~~~~~~~
configure:17546: $? = 0
configure:17549: test -s conftest
configure:17552: $? = 0
configure:17562: result: yes
configure:17702: checking for isascii
configure:17721: gcc -o conftest -g -O2 --param max-inline-insns-single=1200  -D_GNU_SOURCE -D_DEFAULT_SOURCE -DNDEBUG  conftest.c  >&5
configure:17724: $? = 0
configure:17727: test -s conftest
configure:17730: $? = 0
configure:17741: result: yes
configure:17749: checking whether sigaction needs _POSIX_SOURCE
configure:17766: gcc -c -g -O2 --param max-inline-insns-single=1200  -D_GNU_SOURCE -D_DEFAULT_SOURCE -DNDEBUG conftest.c >&5
configure:17769: $? = 0
configure:17772: test -s conftest.o
configure:17775: $? = 0
configure:17823: result: no
configure:17827: checking if nanosleep really works
configure:17862: gcc -o conftest -g -O2 --param max-inline-insns-single=1200  -D_GNU_SOURCE -D_DEFAULT_SOURCE -DNDEBUG  conftest.c  >&5
configure:17865: $? = 0
configure:17867: ./conftest
configure:17870: $? = 0
configure:17882: result: yes
configure:17897: checking for termio.h
configure:17907: gcc -E  -D_GNU_SOURCE -D_DEFAULT_SOURCE -DNDEBUG conftest.c
configure:17913: $? = 0
configure:17932: result: yes
configure:17897: checking for termios.h
configure:17907: gcc -E  -D_GNU_SOURCE -D_DEFAULT_SOURCE -DNDEBUG conftest.c
configure:17913: $? = 0
configure:17932: result: yes
configure:17897: checking for unistd.h
configure:17932: result: yes
configure:18000: checking whether termios.h needs _POSIX_SOURCE
configure:18015: gcc -c -g -O2 --param max-inline-insns-single=1200  -D_GNU_SOURCE -D_DEFAULT_SOURCE -DNDEBUG conftest.c >&5
configure:18018: $? = 0
configure:18021: test -s conftest.o
configure:18024: $? = 0
configure:18071: result: no
configure:18076: checking for tcgetattr
configure:18111: gcc -o conftest -g -O2 --param max-inline-insns-single=1200  -D_GNU_SOURCE -D_DEFAULT_SOURCE -DNDEBUG  conftest.c  >&5
configure:18114: $? = 0
configure:18117: test -s conftest
configure:18120: $? = 0
configure:18130: result: yes
configure:18137: checking for vsscanf function or workaround
configure:18160: gcc -o conftest -g -O2 --param max-inline-insns-single=1200  -D_GNU_SOURCE -D_DEFAULT_SOURCE -DNDEBUG  conftest.c  >&5
configure:18163: $? = 0
configure:18166: test -s conftest
configure:18169: $? = 0
configure:18262: result: vsscanf
configure:18288: checking for unistd.h
configure:18323: result: yes
configure:18333: checking for working mkstemp
configure:18385: gcc -o conftest -g -O2 --param max-inline-insns-single=1200  -D_GNU_SOURCE -D_DEFAULT_SOURCE -DNDEBUG  conftest.c  >&5
configure:18388: $? = 0
configure:18390: ./conftest
configure:18393: $? = 0
configure:18408: result: yes
configure:18491: checking whether setvbuf arguments are reversed
configure:18519: gcc -o conftest -g -O2 --param max-inline-insns-single=1200  -D_GNU_SOURCE -D_DEFAULT_SOURCE -DNDEBUG  conftest.c  >&5
configure: In function 'main':
configure:18511:23: warning: passing argument 2 of 'setvbuf' makes pointer from integer without a cast [-Wint-conversion]
      is not _IOLBF, _IONBF, or _IOFBF, and return nonzero.  */
                       ^~~~~~
In file included from configure:18503:0:
/usr/include/stdio.h:294:12: note: expected 'char * restrict' but argument is of type 'int'
 extern int setvbuf (FILE *__restrict __stream, char *__restrict __buf,
            ^~~~~~~
configure:18511:31: warning: passing argument 3 of 'setvbuf' makes integer from pointer without a cast [-Wint-conversion]
      is not _IOLBF, _IONBF, or _IOFBF, and return nonzero.  */
                               ^
In file included from configure:18503:0:
/usr/include/stdio.h:294:12: note: expected 'int' but argument is of type 'char *'
 extern int setvbuf (FILE *__restrict __stream, char *__restrict __buf,
            ^~~~~~~
configure:18522: $? = 0
configure:18524: ./conftest
configure:18527: $? = 1
configure: program exited with status 1
configure: failed program was:
#line 18502 "configure"
#include "confdefs.h"
#include <stdio.h>
/* If setvbuf has the reversed format, exit 0. */
int
main (void)
{
  /* This call has the arguments reversed.
     A reversed system may check and see that the address of main
     is not _IOLBF, _IONBF, or _IOFBF, and return nonzero.  */
  if (setvbuf(stdout, _IOLBF, (char *) main, BUFSIZ) != 0)
    return(1);
  putc('\r', stdout);
  return(0);			/* Non-reversed systems segv here.  */
}
configure:18540: result: no
configure:18551: checking for intptr_t
configure:18572: gcc -c -g -O2 --param max-inline-insns-single=1200  -D_GNU_SOURCE -D_DEFAULT_SOURCE -DNDEBUG conftest.c >&5
configure:18575: $? = 0
configure:18578: test -s conftest.o
configure:18581: $? = 0
configure:18591: result: yes
configure:18603: checking for ssize_t
configure:18624: gcc -c -g -O2 --param max-inline-insns-single=1200  -D_GNU_SOURCE -D_DEFAULT_SOURCE -DNDEBUG conftest.c >&5
configure:18627: $? = 0
configure:18630: test -s conftest.o
configure:18633: $? = 0
configure:18643: result: yes
configure:18655: checking for type sigaction_t
configure:18675: gcc -c -g -O2 --param max-inline-insns-single=1200  -D_GNU_SOURCE -D_DEFAULT_SOURCE -DNDEBUG conftest.c >&5
configure: In function 'main':
configure:18668:1: error: unknown type name 'sigaction_t'; did you mean 'siginfo_t'?
 {
 ^          
 siginfo_t
configure:18678: $? = 1
configure: failed program was:
#line 18662 "configure"
#include "confdefs.h"

#include <signal.h>
int
main (void)
{
sigaction_t x
  ;
  return 0;
}
configure:18695: result: no
configure:18702: checking declaration of size-change
configure:18761: gcc -c -g -O2 --param max-inline-insns-single=1200  -D_GNU_SOURCE -D_DEFAULT_SOURCE -DNDEBUG conftest.c >&5
configure:18764: $? = 0
configure:18767: test -s conftest.o
configure:18770: $? = 0
size-change succeeded ()
configure:18789: result: yes
configure:18807: checking for memmove
configure:18844: gcc -o conftest -g -O2 --param max-inline-insns-single=1200  -D_GNU_SOURCE -D_DEFAULT_SOURCE -DNDEBUG  conftest.c  >&5
configure:18823:6: warning: conflicting types for built-in function 'memmove' [-Wbuiltin-declaration-mismatch]
    builtin and then its argument prototype would still apply.  */
      ^~~~~~~
configure:18847: $? = 0
configure:18850: test -s conftest
configure:18853: $? = 0
configure:18863: result: yes
configure:19067: checking if poll really works
configure:19129: gcc -o conftest -g -O2 --param max-inline-insns-single=1200  -D_GNU_SOURCE -D_DEFAULT_SOURCE -DNDEBUG  conftest.c  >&5
configure:19132: $? = 0
configure:19134: ./conftest
configure:19137: $? = 0
configure:19149: result: yes
configure:19156: checking for va_copy
configure:19180: gcc -o conftest -g -O2 --param max-inline-insns-single=1200  -D_GNU_SOURCE -D_DEFAULT_SOURCE -DNDEBUG  conftest.c  >&5
configure:19183: $? = 0
configure:19186: test -s conftest
configure:19189: $? = 0
configure:19199: result: yes
configure:19207: checking for __va_copy
configure:19231: gcc -o conftest -g -O2 --param max-inline-insns-single=1200  -D_GNU_SOURCE -D_DEFAULT_SOURCE -DNDEBUG  conftest.c  >&5
configure:19234: $? = 0
configure:19237: test -s conftest
configure:19240: $? = 0
configure:19250: result: yes
configure:19258: checking for pid_t
configure:19279: gcc -c -g -O2 --param max-inline-insns-single=1200  -D_GNU_SOURCE -D_DEFAULT_SOURCE -DNDEBUG conftest.c >&5
configure:19282: $? = 0
configure:19285: test -s conftest.o
configure:19288: $? = 0
configure:19298: result: yes
configure:19313: checking for unistd.h
configure:19348: result: yes
configure:19313: checking for vfork.h
configure:19323: gcc -E  -D_GNU_SOURCE -D_DEFAULT_SOURCE -DNDEBUG conftest.c
configure:19320:10: fatal error: vfork.h: No such file or directory
 #include "confdefs.h"
          ^~~~~~~~~
compilation terminated.
configure:19329: $? = 1
configure: failed program was:
#line 19319 "configure"
#include "confdefs.h"
#include <vfork.h>
configure:19348: result: no
configure:19361: checking for fork
configure:19398: gcc -o conftest -g -O2 --param max-inline-insns-single=1200  -D_GNU_SOURCE -D_DEFAULT_SOURCE -DNDEBUG  conftest.c  >&5
configure:19377:6: warning: conflicting types for built-in function 'fork' [-Wbuiltin-declaration-mismatch]
    builtin and then its argument prototype would still apply.  */
      ^~~~
configure:19401: $? = 0
configure:19404: test -s conftest
configure:19407: $? = 0
configure:19417: result: yes
configure:19361: checking for vfork
configure:19398: gcc -o conftest -g -O2 --param max-inline-insns-single=1200  -D_GNU_SOURCE -D_DEFAULT_SOURCE -DNDEBUG  conftest.c  >&5
configure:19401: $? = 0
configure:19404: test -s conftest
configure:19407: $? = 0
configure:19417: result: yes
configure:19429: checking for working fork
configure:19472: result: yes
configure:19491: checking for working vfork
configure:19617: result: yes
configure:19650: checking for openpty in -lutil
configure:19677: gcc -o conftest -g -O2 --param max-inline-insns-single=1200  -D_GNU_SOURCE -D_DEFAULT_SOURCE -DNDEBUG  conftest.c -lutil   >&5
configure:19680: $? = 0
configure:19683: test -s conftest
configure:19686: $? = 0
configure:19697: result: yes
configure:19705: checking for openpty header
configure:19749: gcc -o conftest -g -O2 --param max-inline-insns-single=1200  -D_GNU_SOURCE -D_DEFAULT_SOURCE -DNDEBUG  conftest.c -lutil >&5
configure:19752: $? = 0
configure:19755: test -s conftest
configure:19758: $? = 0
configure:19776: result: pty.h
configure:20412: checking if we should include stdbool.h
configure:20432: gcc -c -O2 --param max-inline-insns-single=1200  -D_GNU_SOURCE -D_DEFAULT_SOURCE -DNDEBUG conftest.c >&5
configure: In function 'main':
configure:20425:1: error: unknown type name 'bool'; did you mean '_Bool'?
 {
 ^   
 _Bool
configure:20425:12: error: 'false' undeclared (first use in this function)
 {
            ^    
configure:20425:12: note: each undeclared identifier is reported only once for each function it appears in
configure:20435: $? = 1
configure: failed program was:
#line 20420 "configure"
#include "confdefs.h"

int
main (void)
{
bool foo = false
  ;
  return 0;
}
configure:20464: gcc -c -O2 --param max-inline-insns-single=1200  -D_GNU_SOURCE -D_DEFAULT_SOURCE -DNDEBUG conftest.c >&5
configure:20467: $? = 0
configure:20470: test -s conftest.o
configure:20473: $? = 0
configure:20487: result: yes
configure:20493: checking for builtin bool type
configure:20516: gcc -c -O2 --param max-inline-insns-single=1200  -D_GNU_SOURCE -D_DEFAULT_SOURCE -DNDEBUG conftest.c >&5
configure: In function 'main':
configure:20509:1: error: unknown type name 'bool'; did you mean '_Bool'?
 {
 ^   
 _Bool
configure:20509:10: error: 'false' undeclared (first use in this function); did you mean 'fclose'?
 {
          ^    
          fclose
configure:20509:10: note: each undeclared identifier is reported only once for each function it appears in
configure:20519: $? = 1
configure: failed program was:
#line 20501 "configure"
#include "confdefs.h"

#include <stdio.h>
#include <sys/types.h>

int
main (void)
{
bool x = false
  ;
  return 0;
}
configure:20540: result: no
configure:20557: checking if we already have C++ library
configure:20574: /usr/bin/g++ -o conftest -O2  -D_GNU_SOURCE -D_DEFAULT_SOURCE -DNDEBUG  conftest.cc   >&5
configure:20577: $? = 0
configure:20580: test -s conftest
configure:20583: $? = 0
configure:20592: result: yes
configure:20694: checking whether /usr/bin/g++ understands -c and -o together
configure:20709: /usr/bin/g++ -O2  -D_GNU_SOURCE -D_DEFAULT_SOURCE -DNDEBUG -c conftest.cc -o conftest2.o >&5
configure:20712: $? = 0
configure:20714: /usr/bin/g++ -O2  -D_GNU_SOURCE -D_DEFAULT_SOURCE -DNDEBUG -c conftest.cc -o conftest2.o >&5
configure:20717: $? = 0
configure:20728: result: yes
configure:20904: checking how to run the C++ preprocessor
configure:20926: /usr/bin/g++ -E  -D_GNU_SOURCE -D_DEFAULT_SOURCE -DNDEBUG conftest.cc
configure:20932: $? = 0
configure:20959: /usr/bin/g++ -E  -D_GNU_SOURCE -D_DEFAULT_SOURCE -DNDEBUG conftest.cc
configure:20956:10: fatal error: ac_nonexistent.h: No such file or directory
 #include "confdefs.h"
          ^~~~~~~~~~~~      
compilation terminated.
configure:20965: $? = 1
configure: failed program was:
#line 20955 "configure"
#include "confdefs.h"
#include <ac_nonexistent.h>
configure:21002: result: /usr/bin/g++ -E
configure:21017: /usr/bin/g++ -E  -D_GNU_SOURCE -D_DEFAULT_SOURCE -DNDEBUG conftest.cc
configure:21023: $? = 0
configure:21050: /usr/bin/g++ -E  -D_GNU_SOURCE -D_DEFAULT_SOURCE -DNDEBUG conftest.cc
configure:21047:10: fatal error: ac_nonexistent.h: No such file or directory
 #include "confdefs.h"
          ^~~~~~~~~~~~      
compilation terminated.
configure:21056: $? = 1
configure: failed program was:
#line 21046 "configure"
#include "confdefs.h"
#include <ac_nonexistent.h>
configure:21099: checking for typeinfo
configure:21109: /usr/bin/g++ -E  -D_GNU_SOURCE -D_DEFAULT_SOURCE -DNDEBUG conftest.cc
configure:21115: $? = 0
configure:21134: result: yes
configure:21147: checking for iostream
configure:21157: /usr/bin/g++ -E  -D_GNU_SOURCE -D_DEFAULT_SOURCE -DNDEBUG conftest.cc
configure:21163: $? = 0
configure:21182: result: yes
configure:21193: checking if iostream uses std-namespace
configure:21213: /usr/bin/g++ -c -O2  -D_GNU_SOURCE -D_DEFAULT_SOURCE -DNDEBUG conftest.cc >&5
configure:21216: $? = 0
configure:21219: test -s conftest.o
configure:21222: $? = 0
configure:21231: result: yes
configure:21242: checking if we should include stdbool.h
configure:21317: result: yes
configure:21323: checking for builtin bool type
configure:21346: /usr/bin/g++ -c -O2  -D_GNU_SOURCE -D_DEFAULT_SOURCE -DNDEBUG conftest.cc >&5
configure:21349: $? = 0
configure:21352: test -s conftest.o
configure:21355: $? = 0
configure:21368: result: yes
configure:21374: checking for size of bool
configure:21427: /usr/bin/g++ -o conftest -O2  -D_GNU_SOURCE -D_DEFAULT_SOURCE -DNDEBUG  conftest.cc  >&5
configure:21430: $? = 0
configure:21432: ./conftest
configure:21435: $? = 0
configure:21453: result: unsigned char
configure:21464: checking for special defines needed for etip.h
configure:21496: /usr/bin/g++ -c -O2 -I./c++ -I./menu -Iinclude -I./include  -D_GNU_SOURCE -D_DEFAULT_SOURCE -DNDEBUG conftest.cc >&5
In file included from configure:21484:0:
./c++/etip.h.in: In function 'void THROW(const NCursesException*)':
./c++/etip.h.in:352:9: error: '::endwin' has not been declared
       ::endwin();
         ^~~~~~
./c++/etip.h.in:352:9: note: suggested alternative: 'stdin'
       ::endwin();
         ^~~~~~
         stdin
configure:21499: $? = 1
configure: failed program was:
#line 21482 "configure"
#include "confdefs.h"

#include <etip.h.in>

int
main (void)
{

  ;
  return 0;
}
configure:21496: /usr/bin/g++ -c -O2 -I./c++ -I./menu -Iinclude -I./include -DETIP_NEEDS_MATH_EXCEPTION  -D_GNU_SOURCE -D_DEFAULT_SOURCE -DNDEBUG conftest.cc >&5
In file included from configure:21484:0:
./c++/etip.h.in: In function 'void THROW(const NCursesException*)':
./c++/etip.h.in:352:9: error: '::endwin' has not been declared
       ::endwin();
         ^~~~~~
./c++/etip.h.in:352:9: note: suggested alternative: 'stdin'
       ::endwin();
         ^~~~~~
         stdin
configure:21499: $? = 1
configure: failed program was:
#line 21482 "configure"
#include "confdefs.h"

#include <etip.h.in>

int
main (void)
{

  ;
  return 0;
}
configure:21496: /usr/bin/g++ -c -O2 -I./c++ -I./menu -Iinclude -I./include -DETIP_NEEDS_MATH_H  -D_GNU_SOURCE -D_DEFAULT_SOURCE -DNDEBUG conftest.cc >&5
In file included from configure:21484:0:
./c++/etip.h.in: In function 'void THROW(const NCursesException*)':
./c++/etip.h.in:352:9: error: '::endwin' has not been declared
       ::endwin();
         ^~~~~~
./c++/etip.h.in:352:9: note: suggested alternative: 'stdin'
       ::endwin();
         ^~~~~~
         stdin
configure:21499: $? = 1
configure: failed program was:
#line 21482 "configure"
#include "confdefs.h"

#include <etip.h.in>

int
main (void)
{

  ;
  return 0;
}
configure:21496: /usr/bin/g++ -c -O2 -I./c++ -I./menu -Iinclude -I./include -DETIP_NEEDS_MATH_H -DETIP_NEEDS_MATH_EXCEPTION  -D_GNU_SOURCE -D_DEFAULT_SOURCE -DNDEBUG conftest.cc >&5
In file included from configure:21484:0:
./c++/etip.h.in: In function 'void THROW(const NCursesException*)':
./c++/etip.h.in:352:9: error: '::endwin' has not been declared
       ::endwin();
         ^~~~~~
./c++/etip.h.in:352:9: note: suggested alternative: 'stdin'
       ::endwin();
         ^~~~~~
         stdin
configure:21499: $? = 1
configure: failed program was:
#line 21482 "configure"
#include "confdefs.h"

#include <etip.h.in>

int
main (void)
{

  ;
  return 0;
}
configure:21526: result: none
configure:21531: checking if /usr/bin/g++ accepts parameter initialization
configure:21567: /usr/bin/g++ -o conftest -O2  -D_GNU_SOURCE -D_DEFAULT_SOURCE -DNDEBUG  conftest.cc  >&5
configure:21558:21: error: default argument given for parameter 1 of 'TEST::TEST(int)' [-fpermissive]
 
                     ^
configure:21554:2: note: previous specification in 'TEST::TEST(int)' here
 public:
  ^~~~
configure:21570: $? = 1
configure: program exited with status 1
configure: failed program was:
#line 21548 "configure"
#include "confdefs.h"

class TEST {
private:
	int value;
public:
	TEST(int x = 1);
	~TEST();
};

TEST::TEST(int x = 1)	// some compilers do not like second initializer
{
	value = x;
}
int main(void) { }

configure:21594: result: no
configure:21604: checking if /usr/bin/g++ accepts static_cast
configure:21662: /usr/bin/g++ -c -O2  -D_GNU_SOURCE -D_DEFAULT_SOURCE -DNDEBUG conftest.cc >&5
configure:21665: $? = 0
configure:21668: test -s conftest.o
configure:21671: $? = 0
configure:21689: result: yes
configure:21876: checking for gnatmake
configure:21900: result: no
configure:22677: checking for library subsets
configure:22719: result: ticlib+termlib+ext_tinfo+base+ext_funcs
configure:22750: checking default library suffix
configure:22761: result: 
configure:22764: checking default library-dependency suffix
configure:22822: result: .a
configure:22825: checking default object directory
configure:22841: result: objects
configure:22845: checking c++ library-dependency suffix
configure:22913: result: .a
configure:23089: checking if linker supports switching between static/dynamic
configure:23098: /usr/bin/g++ -c -O2 -I. -I../include  -D_GNU_SOURCE -D_DEFAULT_SOURCE -DNDEBUG conftest.cc >&5
configure:23101: $? = 0
configure:23130: /usr/bin/g++ -o conftest -O2 -I. -I../include  -D_GNU_SOURCE -D_DEFAULT_SOURCE -DNDEBUG  conftest.cc -static -L/home/ccpang/Desktop/Git/ncurses-6.1 -lconftest   >&5
configure:23133: $? = 0
configure:23136: test -s conftest
configure:23139: $? = 0
configure:23162: result: no
configure:23178: checking where we will install curses.h
configure:23188: result: ${prefix}/include/ncurses
configure:23214: checking for src modules
configure:23279: result: ncurses progs panel menu form
configure:23516: checking for tic
configure:23533: found /usr/bin/tic
configure:23545: result: /usr/bin/tic
configure:23603: checking for defines to add to ncurses6-config script
configure:23619: result:  -D_GNU_SOURCE -D_DEFAULT_SOURCE
configure:23786: creating ./config.status

## ----------------------- ##
## Running config.status.  ##
## ----------------------- ##

This file was extended by config.status 2.52.20170501, executed with
  CONFIG_FILES    = 
  CONFIG_HEADERS  = 
  CONFIG_LINKS    = 
  CONFIG_COMMANDS = 
  > ./config.status 
on ubuntu

config.status:24589: creating include/MKterm.h.awk
config.status:24589: creating include/curses.head
config.status:24589: creating include/ncurses_dll.h
config.status:24589: creating include/termcap.h
config.status:24589: creating include/unctrl.h
config.status:24589: creating man/Makefile
config.status:24589: creating include/Makefile
config.status:24589: creating ncurses/Makefile
config.status:24589: creating progs/Makefile
config.status:24589: creating panel/Makefile
config.status:24589: creating menu/Makefile
config.status:24589: creating form/Makefile
config.status:24589: creating test/Makefile
config.status:24589: creating misc/Makefile
config.status:24589: creating c++/Makefile
config.status:24589: creating misc/run_tic.sh
config.status:24589: creating misc/ncurses-config
config.status:24589: creating man/ncurses6-config.1
config.status:24589: creating Makefile
config.status:24742: creating include/ncurses_cfg.h

## ----------------- ##
## Cache variables.  ##
## ----------------- ##

ac_cv_build='x86_64-pc-linux-gnu'
ac_cv_build_alias='x86_64-pc-linux-gnu'
ac_cv_c_compiler_gnu='yes'
ac_cv_c_const='yes'
ac_cv_c_inline='inline'
ac_cv_cxx_compiler_gnu='yes'
ac_cv_env_CC_set=''
ac_cv_env_CC_value=''
ac_cv_env_CFLAGS_set=''
ac_cv_env_CFLAGS_value=''
ac_cv_env_CPPFLAGS_set=''
ac_cv_env_CPPFLAGS_value=''
ac_cv_env_CPP_set=''
ac_cv_env_CPP_value=''
ac_cv_env_CXXCPP_set=''
ac_cv_env_CXXCPP_value=''
ac_cv_env_CXXFLAGS_set=''
ac_cv_env_CXXFLAGS_value=''
ac_cv_env_CXX_set=''
ac_cv_env_CXX_value=''
ac_cv_env_LDFLAGS_set=''
ac_cv_env_LDFLAGS_value=''
ac_cv_env_build_alias_set=''
ac_cv_env_build_alias_value=''
ac_cv_env_host_alias_set=''
ac_cv_env_host_alias_value=''
ac_cv_env_target_alias_set=''
ac_cv_env_target_alias_value=''
ac_cv_func_fork='yes'
ac_cv_func_fork_works='yes'
ac_cv_func_fseeko='yes'
ac_cv_func_getcwd='yes'
ac_cv_func_getegid='yes'
ac_cv_func_geteuid='yes'
ac_cv_func_getopt='yes'
ac_cv_func_gettimeofday='yes'
ac_cv_func_getttynam='yes'
ac_cv_func_issetugid='no'
ac_cv_func_link='yes'
ac_cv_func_memmove='yes'
ac_cv_func_poll='yes'
ac_cv_func_putenv='yes'
ac_cv_func_regcomp='yes'
ac_cv_func_remove='yes'
ac_cv_func_select='yes'
ac_cv_func_setbuf='yes'
ac_cv_func_setbuffer='yes'
ac_cv_func_setenv='yes'
ac_cv_func_setvbuf='yes'
ac_cv_func_setvbuf_reversed='no'
ac_cv_func_sigaction='yes'
ac_cv_func_sigvec='no'
ac_cv_func_strdup='yes'
ac_cv_func_strstr='yes'
ac_cv_func_symlink='yes'
ac_cv_func_tcgetpgrp='yes'
ac_cv_func_tdestroy='yes'
ac_cv_func_times='yes'
ac_cv_func_tsearch='yes'
ac_cv_func_unlink='yes'
ac_cv_func_vfork='yes'
ac_cv_func_vfork_works='yes'
ac_cv_func_vsnprintf='yes'
ac_cv_header_dirent_dirent_h='yes'
ac_cv_header_fcntl_h='yes'
ac_cv_header_getopt_h='yes'
ac_cv_header_gpm_h='no'
ac_cv_header_inttypes_h='yes'
ac_cv_header_iostream='yes'
ac_cv_header_limits_h='yes'
ac_cv_header_locale_h='yes'
ac_cv_header_math_h='yes'
ac_cv_header_memory_h='yes'
ac_cv_header_poll_h='yes'
ac_cv_header_stdc='yes'
ac_cv_header_stdint_h='yes'
ac_cv_header_stdlib_h='yes'
ac_cv_header_string_h='yes'
ac_cv_header_strings_h='yes'
ac_cv_header_sys_bsdtypes_h='no'
ac_cv_header_sys_ioctl_h='yes'
ac_cv_header_sys_param_h='yes'
ac_cv_header_sys_poll_h='yes'
ac_cv_header_sys_select_h='yes'
ac_cv_header_sys_stat_h='yes'
ac_cv_header_sys_time_h='yes'
ac_cv_header_sys_times_h='yes'
ac_cv_header_sys_types_h='yes'
ac_cv_header_termio_h='yes'
ac_cv_header_termios_h='yes'
ac_cv_header_time='yes'
ac_cv_header_ttyent_h='yes'
ac_cv_header_typeinfo='yes'
ac_cv_header_unistd_h='yes'
ac_cv_header_vfork_h='no'
ac_cv_header_wctype_h='yes'
ac_cv_host='x86_64-pc-linux-gnu'
ac_cv_host_alias='x86_64-pc-linux-gnu'
ac_cv_lib_dir_opendir='no'
ac_cv_lib_util_openpty='yes'
ac_cv_objext='o'
ac_cv_path_CXX='/usr/bin/g++'
ac_cv_path_LDCONFIG='/sbin/ldconfig'
ac_cv_path_TIC_PATH='/usr/bin/tic'
ac_cv_path_ac_pt_PKG_CONFIG='none'
ac_cv_path_install='/usr/bin/install -c'
ac_cv_prog_AWK='mawk'
ac_cv_prog_CPP='gcc -E'
ac_cv_prog_CXXCPP='/usr/bin/g++ -E'
ac_cv_prog_MAKE_LOWER_TAGS='no'
ac_cv_prog_MAKE_UPPER_TAGS='no'
ac_cv_prog_ac_ct_AR='ar'
ac_cv_prog_ac_ct_CC='gcc'
ac_cv_prog_ac_ct_CXX='g++'
ac_cv_prog_ac_ct_LD='ld'
ac_cv_prog_ac_ct_NM='nm'
ac_cv_prog_ac_ct_RANLIB='ranlib'
ac_cv_prog_cc_g='yes'
ac_cv_prog_cc_stdc=''
ac_cv_prog_cxx_g='yes'
ac_cv_prog_egrep='grep -E'
ac_cv_prog_gcc_traditional='no'
ac_cv_prog_gnatmake_exists='no'
ac_cv_prog_make_make_set='yes'
ac_cv_sizeof_signed_char='1'
ac_cv_sys_file_offset_bits='no'
ac_cv_sys_large_files='no'
ac_cv_sys_largefile_CC='no'
ac_cv_sys_largefile_source='no'
ac_cv_sys_long_file_names='yes'
ac_cv_target='x86_64-pc-linux-gnu'
ac_cv_target_alias='x86_64-pc-linux-gnu'
ac_cv_type_intptr_t='yes'
ac_cv_type_pid_t='yes'
ac_cv_type_signed_char='yes'
ac_cv_type_ssize_t='yes'
am_cv_langinfo_codeset='yes'
cf_cv_1UL='1U'
cf_cv_abi_version='6'
cf_cv_ar_flags='-curvU'
cf_cv_builtin_bool='1'
cf_cv_cc_bool_type='0'
cf_cv_cpp_param_init='no'
cf_cv_cpp_static_cast='yes'
cf_cv_dcl_errno='yes'
cf_cv_default_source='yes'
cf_cv_define_sigwinch='yes'
cf_cv_do_symlinks='yes'
cf_cv_enable_lp64='1'
cf_cv_enable_opaque='NCURSES_OPAQUE'
cf_cv_enable_reentrant='0'
cf_cv_func_mkstemp='yes'
cf_cv_func_nanosleep='yes'
cf_cv_func_openpty='pty.h'
cf_cv_func_vsscanf='vsscanf'
cf_cv_gcc_inline='yes'
cf_cv_getopt_header='unistd.h'
cf_cv_gnu_source='yes'
cf_cv_have___va_copy='yes'
cf_cv_have_errno='no'
cf_cv_have_isascii='yes'
cf_cv_have_tcgetattr='yes'
cf_cv_have_va_copy='yes'
cf_cv_header_stdbool_h='1'
cf_cv_lib_util='yes'
cf_cv_link_dataonly='yes'
cf_cv_link_funcs=' link symlink'
cf_cv_makeflags=''
cf_cv_mixedcase='yes'
cf_cv_need_libm='yes'
cf_cv_prog_CC_c_o='yes'
cf_cv_prog_CXX_c_o='yes'
cf_cv_prog_gnat_correct='no'
cf_cv_regex_hdrs='regex.h'
cf_cv_rel_version='6.1'
cf_cv_rm_so_locs='no'
cf_cv_shared_soname='`basename $@ .${REL_VERSION}`.${ABI_VERSION}'
cf_cv_shlib_version='rel'
cf_cv_shlib_version_infix='no'
cf_cv_sig_atomic_t='volatile sig_atomic_t'
cf_cv_sizechange='yes'
cf_cv_src_modules='ncurses progs panel menu form'
cf_cv_struct_dirent64='no'
cf_cv_sys_time_select='yes'
cf_cv_system_name='linux-gnu'
cf_cv_timestamp='Fri Oct 11 04:38:57 PDT 2019'
cf_cv_type_of_bool='unsigned char'
cf_cv_type_sigaction='no'
cf_cv_typeof_chtype='uint32_t'
cf_cv_typeof_mmask_t='uint32_t'
cf_cv_unsigned_literals='yes'
cf_cv_working_poll='yes'

## ------------ ##
## confdefs.h.  ##
## ------------ ##

#define PACKAGE "ncurses"
#define NCURSES_VERSION "6.0"
#define NCURSES_PATCHDATE 20180127
#define SYSTEM_NAME "linux-gnu"
#ifdef __cplusplus
#include <stdlib.h>
#endif
#define HAVE_LONG_FILE_NAMES 1
#define MIXEDCASE_FILENAMES 1
#define TERMINFO_DIRS "/opt/ncurses/share/terminfo"
#define TERMINFO "/opt/ncurses/share/terminfo"
#define HAVE_BIG_CORE 1
#define PURE_TERMINFO 1
#define USE_HOME_TERMINFO 1
#define USE_ROOT_ENVIRON 1
#define HAVE_UNISTD_H 1
#define HAVE_REMOVE 1
#define HAVE_UNLINK 1
#define HAVE_LINK 1
#define HAVE_SYMLINK 1
#define USE_LINKS 1
#define HAVE_LANGINFO_CODESET 1
#define HAVE_FSEEKO 1
#define RGB_PATH "/usr/share/X11/rgb.txt"
#define NCURSES_EXT_FUNCS 1
#define HAVE_ASSUME_DEFAULT_COLORS 1
#define HAVE_CURSES_VERSION 1
#define HAVE_HAS_KEY 1
#define HAVE_RESIZETERM 1
#define HAVE_RESIZE_TERM 1
#define HAVE_TERM_ENTRY_H 1
#define HAVE_USE_DEFAULT_COLORS 1
#define HAVE_USE_EXTENDED_NAMES 1
#define HAVE_USE_SCREEN 1
#define HAVE_USE_WINDOW 1
#define HAVE_WRESIZE 1
#define NCURSES_SP_FUNCS 1
#define HAVE_TPUTS_SP 1
#define NCURSES_EXT_PUTWIN 1
#define NCURSES_NO_PADDING 1
#define STDC_HEADERS 1
#define HAVE_SYS_TYPES_H 1
#define HAVE_SYS_STAT_H 1
#define HAVE_STDLIB_H 1
#define HAVE_STRING_H 1
#define HAVE_MEMORY_H 1
#define HAVE_STRINGS_H 1
#define HAVE_INTTYPES_H 1
#define HAVE_STDINT_H 1
#define HAVE_UNISTD_H 1
#define SIZEOF_SIGNED_CHAR 1
#define USE_SIGWINCH 1
#define NCURSES_WRAP_PREFIX "_nc_"
#define USE_ASSUMED_COLOR 1
#define USE_HASHMAP 1
#define GCC_SCANF 1
#define GCC_SCANF 1
#define GCC_SCANFLIKE(fmt,var) __attribute__((format(scanf,fmt,var)))
#define GCC_PRINTF 1
#define GCC_PRINTF 1
#define GCC_PRINTFLIKE(fmt,var) __attribute__((format(printf,fmt,var)))
#define GCC_UNUSED __attribute__((unused))
#define GCC_UNUSED __attribute__((unused))
#define GCC_NORETURN __attribute__((noreturn))
#define GCC_NORETURN __attribute__((noreturn))
#define HAVE_NC_ALLOC_H 1
#define HAVE_GETTIMEOFDAY 1
#define STDC_HEADERS 1
#define HAVE_DIRENT_H 1
#define TIME_WITH_SYS_TIME 1
#define HAVE_REGEX_H_FUNCS 1
#define HAVE_FCNTL_H 1
#define HAVE_GETOPT_H 1
#define HAVE_LIMITS_H 1
#define HAVE_LOCALE_H 1
#define HAVE_MATH_H 1
#define HAVE_POLL_H 1
#define HAVE_SYS_IOCTL_H 1
#define HAVE_SYS_PARAM_H 1
#define HAVE_SYS_POLL_H 1
#define HAVE_SYS_SELECT_H 1
#define HAVE_SYS_TIME_H 1
#define HAVE_SYS_TIMES_H 1
#define HAVE_TTYENT_H 1
#define HAVE_UNISTD_H 1
#define HAVE_WCTYPE_H 1
#define HAVE_UNISTD_H 1
#define HAVE_GETOPT_H 1
#define HAVE_GETOPT_HEADER 1
#define HAVE_SYS_TIME_SELECT 1
#define SIG_ATOMIC_T volatile sig_atomic_t
#define HAVE_GETCWD 1
#define HAVE_GETEGID 1
#define HAVE_GETEUID 1
#define HAVE_GETOPT 1
#define HAVE_GETTTYNAM 1
#define HAVE_POLL 1
#define HAVE_PUTENV 1
#define HAVE_REMOVE 1
#define HAVE_SELECT 1
#define HAVE_SETBUF 1
#define HAVE_SETBUFFER 1
#define HAVE_SETENV 1
#define HAVE_SETVBUF 1
#define HAVE_SIGACTION 1
#define HAVE_STRDUP 1
#define HAVE_STRSTR 1
#define HAVE_TCGETPGRP 1
#define HAVE_TDESTROY 1
#define HAVE_TIMES 1
#define HAVE_TSEARCH 1
#define HAVE_VSNPRINTF 1
#define HAVE_ISASCII 1
#define HAVE_NANOSLEEP 1
#define HAVE_TERMIO_H 1
#define HAVE_TERMIOS_H 1
#define HAVE_UNISTD_H 1
#define HAVE_TCGETATTR 1
#define HAVE_VSSCANF 1
#define HAVE_UNISTD_H 1
#define HAVE_MKSTEMP 1
#define HAVE_SIZECHANGE 1
#define HAVE_WORKING_POLL 1
#define HAVE_VA_COPY 1
#define HAVE___VA_COPY 1
#define HAVE_UNISTD_H 1
#define HAVE_FORK 1
#define HAVE_VFORK 1
#define HAVE_WORKING_VFORK 1
#define HAVE_WORKING_FORK 1
#define USE_OPENPTY_HEADER <pty.h>
#define USE_XTERM_PTY 1
#define HAVE_TYPEINFO 1
#define HAVE_IOSTREAM 1
#define IOSTREAM_NAMESPACE 1
#define CPP_HAS_STATIC_CAST 1
#define HAVE_SLK_COLOR 1
#define HAVE_PANEL_H 1
#define HAVE_LIBPANEL 1
#define HAVE_MENU_H 1
#define HAVE_LIBMENU 1
#define HAVE_FORM_H 1
#define HAVE_LIBFORM 1
#define NCURSES_PATHSEP ':'
#define NCURSES_VERSION_STRING "6.1.20180127"
#define NCURSES_OSPEED_COMPAT 1
#define HAVE_CURSES_DATA_BOOLNAMES 1


configure: exit 0
